{"/Users/landonjohnson/Documents/dev/shared-react-native-types/src/bundle/native/setup/create-theme/create-theme.native.ts": {"path":"/Users/landonjohnson/Documents/dev/shared-react-native-types/src/bundle/native/setup/create-theme/create-theme.native.ts","statementMap":{"0":{"start":{"line":1,"column":0},"end":{"line":1,"column":71}},"1":{"start":{"line":2,"column":0},"end":{"line":2,"column":77}},"2":{"start":{"line":9,"column":0},"end":{"line":9,"column":65}},"3":{"start":{"line":10,"column":0},"end":{"line":10,"column":66}},"4":{"start":{"line":11,"column":0},"end":{"line":11,"column":72}},"5":{"start":{"line":12,"column":0},"end":{"line":12,"column":75}},"6":{"start":{"line":13,"column":0},"end":{"line":13,"column":110}},"7":{"start":{"line":14,"column":0},"end":{"line":14,"column":106}},"8":{"start":{"line":15,"column":0},"end":{"line":15,"column":108}},"9":{"start":{"line":16,"column":0},"end":{"line":16,"column":114}},"10":{"start":{"line":17,"column":0},"end":{"line":17,"column":98}},"11":{"start":{"line":18,"column":0},"end":{"line":18,"column":101}},"12":{"start":{"line":19,"column":0},"end":{"line":19,"column":104}},"13":{"start":{"line":20,"column":0},"end":{"line":20,"column":105}},"14":{"start":{"line":22,"column":58},"end":{"line":72,"column":1}},"15":{"start":{"line":25,"column":63},"end":{"line":25,"column":69}},"16":{"start":{"line":26,"column":29},"end":{"line":69,"column":4}},"17":{"start":{"line":71,"column":2},"end":{"line":71,"column":15}},"18":{"start":{"line":22,"column":13},"end":{"line":22,"column":58}}},"fnMap":{"0":{"name":"(anonymous_0)","decl":{"start":{"line":22,"column":58},"end":{"line":22,"column":null}},"loc":{"start":{"line":24,"column":17},"end":{"line":72,"column":1}}}},"branchMap":{},"s":{"0":7,"1":7,"2":7,"3":7,"4":7,"5":7,"6":7,"7":7,"8":7,"9":7,"10":7,"11":7,"12":7,"13":7,"14":7,"15":8,"16":8,"17":8,"18":7},"f":{"0":8},"b":{}}
,"/Users/landonjohnson/Documents/dev/shared-react-native-types/src/bundle/native/utils/responsive-font-size.native.tsx": {"path":"/Users/landonjohnson/Documents/dev/shared-react-native-types/src/bundle/native/utils/responsive-font-size.native.tsx","statementMap":{"0":{"start":{"line":1,"column":0},"end":{"line":1,"column":63}},"1":{"start":{"line":4,"column":2},"end":{"line":28,"column":null}},"2":{"start":{"line":10,"column":18},"end":{"line":10,"column":42}},"3":{"start":{"line":11,"column":4},"end":{"line":25,"column":6}},"4":{"start":{"line":27,"column":4},"end":{"line":27,"column":17}},"5":{"start":{"line":3,"column":0},"end":{"line":3,"column":16}},"6":{"start":{"line":32,"column":2},"end":{"line":34,"column":null}},"7":{"start":{"line":33,"column":4},"end":{"line":33,"column":24}},"8":{"start":{"line":35,"column":2},"end":{"line":35,"column":22}},"9":{"start":{"line":31,"column":0},"end":{"line":31,"column":16}},"10":{"start":{"line":39,"column":18},"end":{"line":43,"column":4}},"11":{"start":{"line":45,"column":2},"end":{"line":47,"column":null}},"12":{"start":{"line":46,"column":4},"end":{"line":46,"column":46}},"13":{"start":{"line":49,"column":2},"end":{"line":51,"column":null}},"14":{"start":{"line":50,"column":4},"end":{"line":50,"column":48}},"15":{"start":{"line":53,"column":2},"end":{"line":53,"column":34}},"16":{"start":{"line":38,"column":0},"end":{"line":38,"column":16}},"17":{"start":{"line":57,"column":2},"end":{"line":57,"column":30}},"18":{"start":{"line":56,"column":0},"end":{"line":56,"column":16}},"19":{"start":{"line":62,"column":14},"end":{"line":62,"column":15}},"20":{"start":{"line":63,"column":15},"end":{"line":63,"column":16}},"21":{"start":{"line":64,"column":2},"end":{"line":67,"column":null}},"22":{"start":{"line":65,"column":4},"end":{"line":65,"column":43}},"23":{"start":{"line":66,"column":4},"end":{"line":66,"column":45}},"24":{"start":{"line":68,"column":2},"end":{"line":68,"column":51}},"25":{"start":{"line":73,"column":22},"end":{"line":73,"column":38}},"26":{"start":{"line":74,"column":15},"end":{"line":74,"column":16}},"27":{"start":{"line":75,"column":14},"end":{"line":75,"column":15}},"28":{"start":{"line":76,"column":2},"end":{"line":79,"column":null}},"29":{"start":{"line":77,"column":4},"end":{"line":77,"column":43}},"30":{"start":{"line":78,"column":4},"end":{"line":78,"column":45}},"31":{"start":{"line":80,"column":15},"end":{"line":80,"column":58}},"32":{"start":{"line":82,"column":4},"end":{"line":88,"column":9}},"33":{"start":{"line":92,"column":4},"end":{"line":92,"column":79}},"34":{"start":{"line":94,"column":24},"end":{"line":94,"column":54}},"35":{"start":{"line":95,"column":2},"end":{"line":95,"column":35}},"36":{"start":{"line":72,"column":0},"end":{"line":72,"column":16}},"37":{"start":{"line":103,"column":22},"end":{"line":103,"column":38}},"38":{"start":{"line":104,"column":15},"end":{"line":104,"column":16}},"39":{"start":{"line":105,"column":14},"end":{"line":105,"column":15}},"40":{"start":{"line":106,"column":2},"end":{"line":109,"column":null}},"41":{"start":{"line":107,"column":4},"end":{"line":107,"column":43}},"42":{"start":{"line":108,"column":4},"end":{"line":108,"column":45}},"43":{"start":{"line":110,"column":15},"end":{"line":110,"column":58}},"44":{"start":{"line":112,"column":4},"end":{"line":118,"column":9}},"45":{"start":{"line":122,"column":4},"end":{"line":122,"column":79}},"46":{"start":{"line":124,"column":24},"end":{"line":124,"column":72}},"47":{"start":{"line":125,"column":2},"end":{"line":125,"column":35}},"48":{"start":{"line":99,"column":0},"end":{"line":99,"column":16}}},"fnMap":{"0":{"name":"isIphoneX","decl":{"start":{"line":3,"column":16},"end":{"line":3,"column":25}},"loc":{"start":{"line":3,"column":25},"end":{"line":29,"column":1}}},"1":{"name":"ifIphoneX","decl":{"start":{"line":31,"column":16},"end":{"line":31,"column":25}},"loc":{"start":{"line":31,"column":61},"end":{"line":36,"column":1}}},"2":{"name":"getStatusBarHeight","decl":{"start":{"line":38,"column":16},"end":{"line":38,"column":34}},"loc":{"start":{"line":38,"column":48},"end":{"line":54,"column":1}}},"3":{"name":"getBottomSpace","decl":{"start":{"line":56,"column":16},"end":{"line":56,"column":30}},"loc":{"start":{"line":56,"column":30},"end":{"line":58,"column":1}}},"4":{"name":"getOrientation","decl":{"start":{"line":61,"column":9},"end":{"line":61,"column":23}},"loc":{"start":{"line":61,"column":23},"end":{"line":69,"column":1}}},"5":{"name":"RFPercentageNative","decl":{"start":{"line":72,"column":16},"end":{"line":72,"column":34}},"loc":{"start":{"line":72,"column":50},"end":{"line":96,"column":1}}},"6":{"name":"RFValueNative","decl":{"start":{"line":99,"column":16},"end":{"line":99,"column":29}},"loc":{"start":{"line":101,"column":36},"end":{"line":126,"column":1}}}},"branchMap":{"0":{"loc":{"start":{"line":4,"column":2},"end":{"line":28,"column":null}},"type":"if","locations":[{"start":{"line":4,"column":2},"end":{"line":28,"column":null}},{"start":{"line":26,"column":9},"end":{"line":28,"column":null}}]},"1":{"loc":{"start":{"line":5,"column":4},"end":{"line":8,"column":15}},"type":"binary-expr","locations":[{"start":{"line":5,"column":4},"end":{"line":5,"column":14}},{"start":{"line":6,"column":4},"end":{"line":6,"column":51}},{"start":{"line":7,"column":4},"end":{"line":7,"column":12}},{"start":{"line":8,"column":4},"end":{"line":8,"column":15}}]},"2":{"loc":{"start":{"line":12,"column":6},"end":{"line":24,"column":28}},"type":"binary-expr","locations":[{"start":{"line":12,"column":6},"end":{"line":12,"column":27}},{"start":{"line":13,"column":6},"end":{"line":13,"column":21}},{"start":{"line":14,"column":6},"end":{"line":14,"column":20}},{"start":{"line":15,"column":7},"end":{"line":15,"column":27}},{"start":{"line":16,"column":8},"end":{"line":16,"column":27}},{"start":{"line":17,"column":8},"end":{"line":17,"column":28}},{"start":{"line":18,"column":8},"end":{"line":18,"column":27}},{"start":{"line":19,"column":8},"end":{"line":19,"column":28}},{"start":{"line":20,"column":8},"end":{"line":20,"column":27}},{"start":{"line":21,"column":8},"end":{"line":21,"column":28}},{"start":{"line":22,"column":8},"end":{"line":22,"column":27}},{"start":{"line":23,"column":8},"end":{"line":23,"column":28}},{"start":{"line":24,"column":8},"end":{"line":24,"column":27}}]},"3":{"loc":{"start":{"line":32,"column":2},"end":{"line":34,"column":null}},"type":"if","locations":[{"start":{"line":32,"column":2},"end":{"line":34,"column":null}}]},"4":{"loc":{"start":{"line":45,"column":2},"end":{"line":47,"column":null}},"type":"if","locations":[{"start":{"line":45,"column":2},"end":{"line":47,"column":null}}]},"5":{"loc":{"start":{"line":45,"column":6},"end":{"line":45,"column":42}},"type":"binary-expr","locations":[{"start":{"line":45,"column":6},"end":{"line":45,"column":15}},{"start":{"line":45,"column":19},"end":{"line":45,"column":42}}]},"6":{"loc":{"start":{"line":49,"column":2},"end":{"line":51,"column":null}},"type":"if","locations":[{"start":{"line":49,"column":2},"end":{"line":51,"column":null}}]},"7":{"loc":{"start":{"line":49,"column":6},"end":{"line":49,"column":67}},"type":"binary-expr","locations":[{"start":{"line":49,"column":6},"end":{"line":49,"column":16}},{"start":{"line":49,"column":20},"end":{"line":49,"column":67}}]},"8":{"loc":{"start":{"line":50,"column":28},"end":{"line":50,"column":42}},"type":"cond-expr","locations":[{"start":{"line":50,"column":35},"end":{"line":50,"column":37}},{"start":{"line":50,"column":40},"end":{"line":50,"column":42}}]},"9":{"loc":{"start":{"line":57,"column":9},"end":{"line":57,"column":29}},"type":"cond-expr","locations":[{"start":{"line":57,"column":23},"end":{"line":57,"column":25}},{"start":{"line":57,"column":28},"end":{"line":57,"column":29}}]},"10":{"loc":{"start":{"line":64,"column":2},"end":{"line":67,"column":null}},"type":"if","locations":[{"start":{"line":64,"column":2},"end":{"line":67,"column":null}}]},"11":{"loc":{"start":{"line":64,"column":6},"end":{"line":64,"column":34}},"type":"binary-expr","locations":[{"start":{"line":64,"column":6},"end":{"line":64,"column":16}},{"start":{"line":64,"column":20},"end":{"line":64,"column":34}}]},"12":{"loc":{"start":{"line":68,"column":9},"end":{"line":68,"column":50}},"type":"cond-expr","locations":[{"start":{"line":68,"column":26},"end":{"line":68,"column":36}},{"start":{"line":68,"column":39},"end":{"line":68,"column":50}}]},"13":{"loc":{"start":{"line":76,"column":2},"end":{"line":79,"column":null}},"type":"if","locations":[{"start":{"line":76,"column":2},"end":{"line":79,"column":null}}]},"14":{"loc":{"start":{"line":76,"column":6},"end":{"line":76,"column":34}},"type":"binary-expr","locations":[{"start":{"line":76,"column":6},"end":{"line":76,"column":16}},{"start":{"line":76,"column":20},"end":{"line":76,"column":34}}]},"15":{"loc":{"start":{"line":80,"column":15},"end":{"line":80,"column":58}},"type":"cond-expr","locations":[{"start":{"line":80,"column":44},"end":{"line":80,"column":50}},{"start":{"line":80,"column":53},"end":{"line":80,"column":58}}]},"16":{"loc":{"start":{"line":82,"column":4},"end":{"line":88,"column":9}},"type":"cond-expr","locations":[{"start":{"line":83,"column":8},"end":{"line":85,"column":12}},{"start":{"line":86,"column":8},"end":{"line":88,"column":9}}]},"17":{"loc":{"start":{"line":83,"column":8},"end":{"line":85,"column":12}},"type":"cond-expr","locations":[{"start":{"line":84,"column":10},"end":{"line":84,"column":12}},{"start":{"line":85,"column":10},"end":{"line":85,"column":12}}]},"18":{"loc":{"start":{"line":86,"column":8},"end":{"line":88,"column":9}},"type":"cond-expr","locations":[{"start":{"line":87,"column":8},"end":{"line":87,"column":31}},{"start":{"line":88,"column":8},"end":{"line":88,"column":9}}]},"19":{"loc":{"start":{"line":86,"column":8},"end":{"line":86,"column":44}},"type":"binary-expr","locations":[{"start":{"line":86,"column":8},"end":{"line":86,"column":17}},{"start":{"line":86,"column":21},"end":{"line":86,"column":44}}]},"20":{"loc":{"start":{"line":92,"column":4},"end":{"line":92,"column":79}},"type":"cond-expr","locations":[{"start":{"line":92,"column":59},"end":{"line":92,"column":63}},{"start":{"line":92,"column":66},"end":{"line":92,"column":79}}]},"21":{"loc":{"start":{"line":92,"column":4},"end":{"line":92,"column":56}},"type":"binary-expr","locations":[{"start":{"line":92,"column":4},"end":{"line":92,"column":25}},{"start":{"line":92,"column":29},"end":{"line":92,"column":56}}]},"22":{"loc":{"start":{"line":101,"column":2},"end":{"line":101,"column":36}},"type":"default-arg","locations":[{"start":{"line":101,"column":33},"end":{"line":101,"column":36}}]},"23":{"loc":{"start":{"line":106,"column":2},"end":{"line":109,"column":null}},"type":"if","locations":[{"start":{"line":106,"column":2},"end":{"line":109,"column":null}}]},"24":{"loc":{"start":{"line":106,"column":6},"end":{"line":106,"column":34}},"type":"binary-expr","locations":[{"start":{"line":106,"column":6},"end":{"line":106,"column":16}},{"start":{"line":106,"column":20},"end":{"line":106,"column":34}}]},"25":{"loc":{"start":{"line":110,"column":15},"end":{"line":110,"column":58}},"type":"cond-expr","locations":[{"start":{"line":110,"column":44},"end":{"line":110,"column":50}},{"start":{"line":110,"column":53},"end":{"line":110,"column":58}}]},"26":{"loc":{"start":{"line":112,"column":4},"end":{"line":118,"column":9}},"type":"cond-expr","locations":[{"start":{"line":113,"column":8},"end":{"line":115,"column":12}},{"start":{"line":116,"column":8},"end":{"line":118,"column":9}}]},"27":{"loc":{"start":{"line":113,"column":8},"end":{"line":115,"column":12}},"type":"cond-expr","locations":[{"start":{"line":114,"column":10},"end":{"line":114,"column":12}},{"start":{"line":115,"column":10},"end":{"line":115,"column":12}}]},"28":{"loc":{"start":{"line":116,"column":8},"end":{"line":118,"column":9}},"type":"cond-expr","locations":[{"start":{"line":117,"column":8},"end":{"line":117,"column":31}},{"start":{"line":118,"column":8},"end":{"line":118,"column":9}}]},"29":{"loc":{"start":{"line":116,"column":8},"end":{"line":116,"column":44}},"type":"binary-expr","locations":[{"start":{"line":116,"column":8},"end":{"line":116,"column":17}},{"start":{"line":116,"column":21},"end":{"line":116,"column":44}}]},"30":{"loc":{"start":{"line":122,"column":4},"end":{"line":122,"column":79}},"type":"cond-expr","locations":[{"start":{"line":122,"column":59},"end":{"line":122,"column":63}},{"start":{"line":122,"column":66},"end":{"line":122,"column":79}}]},"31":{"loc":{"start":{"line":122,"column":4},"end":{"line":122,"column":56}},"type":"binary-expr","locations":[{"start":{"line":122,"column":4},"end":{"line":122,"column":25}},{"start":{"line":122,"column":29},"end":{"line":122,"column":56}}]}},"s":{"0":7,"1":4,"2":0,"3":0,"4":4,"5":7,"6":0,"7":0,"8":0,"9":7,"10":0,"11":0,"12":0,"13":0,"14":0,"15":0,"16":7,"17":0,"18":7,"19":4,"20":4,"21":4,"22":0,"23":0,"24":4,"25":0,"26":0,"27":0,"28":0,"29":0,"30":0,"31":0,"32":0,"33":0,"34":0,"35":0,"36":7,"37":4,"38":4,"39":4,"40":4,"41":0,"42":0,"43":4,"44":4,"45":4,"46":4,"47":4,"48":7},"f":{"0":4,"1":0,"2":0,"3":0,"4":4,"5":0,"6":4},"b":{"0":[0,4],"1":[4,0,0,0],"2":[0,0,0,0,0,0,0,0,0,0,0,0,0],"3":[0],"4":[0],"5":[0,0],"6":[0],"7":[0,0],"8":[0,0],"9":[0,0],"10":[0],"11":[4,0],"12":[0,4],"13":[0],"14":[0,0],"15":[0,0],"16":[0,0],"17":[0,0],"18":[0,0],"19":[0,0],"20":[0,0],"21":[0,0],"22":[0],"23":[0],"24":[4,0],"25":[0,4],"26":[4,0],"27":[0,4],"28":[0,0],"29":[0,0],"30":[4,0],"31":[4,4]}}
,"/Users/landonjohnson/Documents/dev/shared-react-native-types/src/bundle/native/utils/theme-functions/get-style-for-ghost-props.native.ts": {"path":"/Users/landonjohnson/Documents/dev/shared-react-native-types/src/bundle/native/utils/theme-functions/get-style-for-ghost-props.native.ts","statementMap":{"0":{"start":{"line":6,"column":80},"end":{"line":21,"column":49}},"1":{"start":{"line":13,"column":2},"end":{"line":21,"column":49}},"2":{"start":{"line":6,"column":13},"end":{"line":6,"column":80}}},"fnMap":{"0":{"name":"(anonymous_0)","decl":{"start":{"line":6,"column":80},"end":{"line":6,"column":null}},"loc":{"start":{"line":13,"column":2},"end":{"line":21,"column":49}}}},"branchMap":{"0":{"loc":{"start":{"line":10,"column":2},"end":{"line":10,"column":58}},"type":"default-arg","locations":[{"start":{"line":10,"column":40},"end":{"line":10,"column":58}}]},"1":{"loc":{"start":{"line":11,"column":2},"end":{"line":11,"column":55}},"type":"default-arg","locations":[{"start":{"line":11,"column":40},"end":{"line":11,"column":55}}]},"2":{"loc":{"start":{"line":13,"column":2},"end":{"line":21,"column":49}},"type":"cond-expr","locations":[{"start":{"line":14,"column":6},"end":{"line":14,"column":57}},{"start":{"line":15,"column":6},"end":{"line":21,"column":49}}]},"3":{"loc":{"start":{"line":13,"column":2},"end":{"line":13,"column":37}},"type":"binary-expr","locations":[{"start":{"line":13,"column":2},"end":{"line":13,"column":19}},{"start":{"line":13,"column":23},"end":{"line":13,"column":37}}]},"4":{"loc":{"start":{"line":15,"column":6},"end":{"line":21,"column":49}},"type":"cond-expr","locations":[{"start":{"line":16,"column":6},"end":{"line":16,"column":49}},{"start":{"line":17,"column":6},"end":{"line":21,"column":49}}]},"5":{"loc":{"start":{"line":15,"column":6},"end":{"line":15,"column":43}},"type":"binary-expr","locations":[{"start":{"line":15,"column":6},"end":{"line":15,"column":24}},{"start":{"line":15,"column":28},"end":{"line":15,"column":43}}]},"6":{"loc":{"start":{"line":17,"column":6},"end":{"line":21,"column":49}},"type":"cond-expr","locations":[{"start":{"line":18,"column":6},"end":{"line":18,"column":49}},{"start":{"line":19,"column":6},"end":{"line":21,"column":49}}]},"7":{"loc":{"start":{"line":19,"column":6},"end":{"line":21,"column":49}},"type":"cond-expr","locations":[{"start":{"line":20,"column":6},"end":{"line":20,"column":57}},{"start":{"line":21,"column":6},"end":{"line":21,"column":49}}]}},"s":{"0":7,"1":0,"2":7},"f":{"0":0},"b":{"0":[0],"1":[0],"2":[0,0],"3":[0,0],"4":[0,0],"5":[0,0],"6":[0,0],"7":[0,0]}}
,"/Users/landonjohnson/Documents/dev/shared-react-native-types/src/bundle/native/utils/theme-functions/get-style-for-img-props.native.ts": {"path":"/Users/landonjohnson/Documents/dev/shared-react-native-types/src/bundle/native/utils/theme-functions/get-style-for-img-props.native.ts","statementMap":{"0":{"start":{"line":7,"column":78},"end":{"line":89,"column":1}},"1":{"start":{"line":23,"column":4},"end":{"line":48,"column":11}},"2":{"start":{"line":50,"column":14},"end":{"line":87,"column":6}},"3":{"start":{"line":88,"column":2},"end":{"line":88,"column":13}},"4":{"start":{"line":7,"column":13},"end":{"line":7,"column":78}}},"fnMap":{"0":{"name":"(anonymous_0)","decl":{"start":{"line":7,"column":78},"end":{"line":7,"column":79}},"loc":{"start":{"line":21,"column":55},"end":{"line":89,"column":1}}}},"branchMap":{"0":{"loc":{"start":{"line":23,"column":4},"end":{"line":48,"column":11}},"type":"cond-expr","locations":[{"start":{"line":27,"column":8},"end":{"line":31,"column":null}},{"start":{"line":32,"column":8},"end":{"line":48,"column":11}}]},"1":{"loc":{"start":{"line":23,"column":4},"end":{"line":26,"column":27}},"type":"binary-expr","locations":[{"start":{"line":23,"column":4},"end":{"line":23,"column":27}},{"start":{"line":24,"column":4},"end":{"line":24,"column":25}},{"start":{"line":25,"column":4},"end":{"line":25,"column":28}},{"start":{"line":26,"column":4},"end":{"line":26,"column":27}}]},"2":{"loc":{"start":{"line":29,"column":6},"end":{"line":29,"column":null}},"type":"cond-expr","locations":[{"start":{"line":29,"column":21},"end":{"line":29,"column":57}},{"start":{"line":29,"column":60},"end":{"line":29,"column":null}}]},"3":{"loc":{"start":{"line":33,"column":10},"end":{"line":35,"column":null}},"type":"cond-expr","locations":[{"start":{"line":34,"column":14},"end":{"line":34,"column":57}},{"start":{"line":35,"column":14},"end":{"line":35,"column":null}}]},"4":{"loc":{"start":{"line":37,"column":10},"end":{"line":39,"column":null}},"type":"cond-expr","locations":[{"start":{"line":38,"column":14},"end":{"line":38,"column":58}},{"start":{"line":39,"column":14},"end":{"line":39,"column":null}}]},"5":{"loc":{"start":{"line":41,"column":10},"end":{"line":43,"column":null}},"type":"cond-expr","locations":[{"start":{"line":42,"column":14},"end":{"line":42,"column":61}},{"start":{"line":43,"column":14},"end":{"line":43,"column":null}}]},"6":{"loc":{"start":{"line":45,"column":10},"end":{"line":47,"column":null}},"type":"cond-expr","locations":[{"start":{"line":46,"column":14},"end":{"line":46,"column":60}},{"start":{"line":47,"column":14},"end":{"line":47,"column":null}}]},"7":{"loc":{"start":{"line":52,"column":10},"end":{"line":58,"column":null}},"type":"cond-expr","locations":[{"start":{"line":53,"column":14},"end":{"line":57,"column":18}},{"start":{"line":58,"column":14},"end":{"line":58,"column":null}}]},"8":{"loc":{"start":{"line":62,"column":10},"end":{"line":68,"column":null}},"type":"cond-expr","locations":[{"start":{"line":63,"column":14},"end":{"line":67,"column":18}},{"start":{"line":68,"column":14},"end":{"line":68,"column":null}}]},"9":{"loc":{"start":{"line":71,"column":10},"end":{"line":73,"column":null}},"type":"cond-expr","locations":[{"start":{"line":72,"column":14},"end":{"line":72,"column":69}},{"start":{"line":73,"column":14},"end":{"line":73,"column":null}}]},"10":{"loc":{"start":{"line":76,"column":10},"end":{"line":76,"column":65}},"type":"cond-expr","locations":[{"start":{"line":76,"column":18},"end":{"line":76,"column":60}},{"start":{"line":76,"column":63},"end":{"line":76,"column":65}}]},"11":{"loc":{"start":{"line":78,"column":10},"end":{"line":78,"column":68}},"type":"cond-expr","locations":[{"start":{"line":78,"column":19},"end":{"line":78,"column":63}},{"start":{"line":78,"column":66},"end":{"line":78,"column":68}}]},"12":{"loc":{"start":{"line":79,"column":10},"end":{"line":79,"column":65}},"type":"cond-expr","locations":[{"start":{"line":79,"column":18},"end":{"line":79,"column":60}},{"start":{"line":79,"column":63},"end":{"line":79,"column":65}}]},"13":{"loc":{"start":{"line":80,"column":10},"end":{"line":80,"column":75}},"type":"cond-expr","locations":[{"start":{"line":80,"column":21},"end":{"line":80,"column":70}},{"start":{"line":80,"column":73},"end":{"line":80,"column":75}}]},"14":{"loc":{"start":{"line":81,"column":10},"end":{"line":81,"column":78}},"type":"cond-expr","locations":[{"start":{"line":81,"column":22},"end":{"line":81,"column":73}},{"start":{"line":81,"column":76},"end":{"line":81,"column":78}}]}},"s":{"0":7,"1":1,"2":1,"3":1,"4":7},"f":{"0":1},"b":{"0":[0,1],"1":[1,1,0,0],"2":[0,0],"3":[0,1],"4":[1,0],"5":[1,0],"6":[0,1],"7":[1,0],"8":[1,0],"9":[1,0],"10":[1,0],"11":[1,0],"12":[1,0],"13":[1,0],"14":[1,0]}}
,"/Users/landonjohnson/Documents/dev/shared-react-native-types/src/bundle/native/utils/theme-functions/get-style-for-text-props.native.ts": {"path":"/Users/landonjohnson/Documents/dev/shared-react-native-types/src/bundle/native/utils/theme-functions/get-style-for-text-props.native.ts","statementMap":{"0":{"start":{"line":1,"column":0},"end":{"line":1,"column":40}},"1":{"start":{"line":6,"column":0},"end":{"line":6,"column":68}},"2":{"start":{"line":8,"column":0},"end":{"line":8,"column":66}},"3":{"start":{"line":13,"column":4},"end":{"line":159,"column":1}},"4":{"start":{"line":23,"column":6},"end":{"line":23,"column":11}},"5":{"start":{"line":22,"column":16},"end":{"line":23,"column":6}},"6":{"start":{"line":25,"column":27},"end":{"line":25,"column":58}},"7":{"start":{"line":26,"column":28},"end":{"line":26,"column":60}},"8":{"start":{"line":27,"column":31},"end":{"line":27,"column":66}},"9":{"start":{"line":28,"column":30},"end":{"line":28,"column":61}},"10":{"start":{"line":29,"column":26},"end":{"line":29,"column":59}},"11":{"start":{"line":31,"column":19},"end":{"line":54,"column":3}},"12":{"start":{"line":32,"column":4},"end":{"line":34,"column":null}},"13":{"start":{"line":33,"column":6},"end":{"line":33,"column":40}},"14":{"start":{"line":35,"column":4},"end":{"line":37,"column":null}},"15":{"start":{"line":36,"column":6},"end":{"line":36,"column":33}},"16":{"start":{"line":38,"column":4},"end":{"line":49,"column":null}},"17":{"start":{"line":43,"column":28},"end":{"line":46,"column":null}},"18":{"start":{"line":48,"column":6},"end":{"line":48,"column":19}},"19":{"start":{"line":50,"column":4},"end":{"line":52,"column":null}},"20":{"start":{"line":51,"column":6},"end":{"line":51,"column":32}},"21":{"start":{"line":53,"column":4},"end":{"line":53,"column":38}},"22":{"start":{"line":56,"column":33},"end":{"line":64,"column":4}},"23":{"start":{"line":66,"column":30},"end":{"line":74,"column":4}},"24":{"start":{"line":77,"column":4},"end":{"line":84,"column":10}},"25":{"start":{"line":86,"column":27},"end":{"line":88,"column":8}},"26":{"start":{"line":90,"column":24},"end":{"line":147,"column":4}},"27":{"start":{"line":149,"column":2},"end":{"line":153,"column":null}},"28":{"start":{"line":150,"column":4},"end":{"line":150,"column":47}},"29":{"start":{"line":152,"column":4},"end":{"line":152,"column":50}},"30":{"start":{"line":155,"column":14},"end":{"line":155,"column":54}},"31":{"start":{"line":156,"column":2},"end":{"line":156,"column":26}},"32":{"start":{"line":158,"column":2},"end":{"line":158,"column":13}},"33":{"start":{"line":10,"column":13},"end":{"line":10,"column":null}}},"fnMap":{"0":{"name":"(anonymous_0)","decl":{"start":{"line":13,"column":4},"end":{"line":13,"column":5}},"loc":{"start":{"line":13,"column":75},"end":{"line":159,"column":1}}},"1":{"name":"(anonymous_1)","decl":{"start":{"line":31,"column":19},"end":{"line":31,"column":22}},"loc":{"start":{"line":31,"column":24},"end":{"line":54,"column":3}}}},"branchMap":{"0":{"loc":{"start":{"line":25,"column":27},"end":{"line":25,"column":58}},"type":"cond-expr","locations":[{"start":{"line":25,"column":50},"end":{"line":25,"column":54}},{"start":{"line":25,"column":54},"end":{"line":25,"column":58}}]},"1":{"loc":{"start":{"line":25,"column":27},"end":{"line":25,"column":54}},"type":"binary-expr","locations":[{"start":{"line":25,"column":27},"end":{"line":25,"column":54}},{"start":{"line":25,"column":50},"end":{"line":25,"column":54}}]},"2":{"loc":{"start":{"line":25,"column":27},"end":{"line":25,"column":50}},"type":"cond-expr","locations":[{"start":{"line":25,"column":32},"end":{"line":25,"column":34}},{"start":{"line":25,"column":27},"end":{"line":25,"column":50}}]},"3":{"loc":{"start":{"line":25,"column":27},"end":{"line":25,"column":34}},"type":"binary-expr","locations":[{"start":{"line":25,"column":27},"end":{"line":25,"column":34}},{"start":{"line":25,"column":27},"end":{"line":25,"column":34}}]},"4":{"loc":{"start":{"line":26,"column":28},"end":{"line":26,"column":60}},"type":"cond-expr","locations":[{"start":{"line":26,"column":52},"end":{"line":26,"column":56}},{"start":{"line":26,"column":56},"end":{"line":26,"column":60}}]},"5":{"loc":{"start":{"line":26,"column":28},"end":{"line":26,"column":56}},"type":"binary-expr","locations":[{"start":{"line":26,"column":28},"end":{"line":26,"column":56}},{"start":{"line":26,"column":52},"end":{"line":26,"column":56}}]},"6":{"loc":{"start":{"line":26,"column":28},"end":{"line":26,"column":52}},"type":"cond-expr","locations":[{"start":{"line":26,"column":33},"end":{"line":26,"column":35}},{"start":{"line":26,"column":28},"end":{"line":26,"column":52}}]},"7":{"loc":{"start":{"line":26,"column":28},"end":{"line":26,"column":35}},"type":"binary-expr","locations":[{"start":{"line":26,"column":28},"end":{"line":26,"column":35}},{"start":{"line":26,"column":28},"end":{"line":26,"column":35}}]},"8":{"loc":{"start":{"line":27,"column":31},"end":{"line":27,"column":66}},"type":"cond-expr","locations":[{"start":{"line":27,"column":58},"end":{"line":27,"column":62}},{"start":{"line":27,"column":62},"end":{"line":27,"column":66}}]},"9":{"loc":{"start":{"line":27,"column":31},"end":{"line":27,"column":62}},"type":"binary-expr","locations":[{"start":{"line":27,"column":31},"end":{"line":27,"column":62}},{"start":{"line":27,"column":58},"end":{"line":27,"column":62}}]},"10":{"loc":{"start":{"line":27,"column":31},"end":{"line":27,"column":58}},"type":"cond-expr","locations":[{"start":{"line":27,"column":36},"end":{"line":27,"column":38}},{"start":{"line":27,"column":31},"end":{"line":27,"column":58}}]},"11":{"loc":{"start":{"line":27,"column":31},"end":{"line":27,"column":38}},"type":"binary-expr","locations":[{"start":{"line":27,"column":31},"end":{"line":27,"column":38}},{"start":{"line":27,"column":31},"end":{"line":27,"column":38}}]},"12":{"loc":{"start":{"line":28,"column":30},"end":{"line":28,"column":61}},"type":"cond-expr","locations":[{"start":{"line":28,"column":53},"end":{"line":28,"column":57}},{"start":{"line":28,"column":57},"end":{"line":28,"column":61}}]},"13":{"loc":{"start":{"line":28,"column":30},"end":{"line":28,"column":57}},"type":"binary-expr","locations":[{"start":{"line":28,"column":30},"end":{"line":28,"column":57}},{"start":{"line":28,"column":53},"end":{"line":28,"column":57}}]},"14":{"loc":{"start":{"line":28,"column":30},"end":{"line":28,"column":53}},"type":"cond-expr","locations":[{"start":{"line":28,"column":35},"end":{"line":28,"column":37}},{"start":{"line":28,"column":30},"end":{"line":28,"column":53}}]},"15":{"loc":{"start":{"line":28,"column":30},"end":{"line":28,"column":37}},"type":"binary-expr","locations":[{"start":{"line":28,"column":30},"end":{"line":28,"column":37}},{"start":{"line":28,"column":30},"end":{"line":28,"column":37}}]},"16":{"loc":{"start":{"line":29,"column":26},"end":{"line":29,"column":59}},"type":"cond-expr","locations":[{"start":{"line":29,"column":44},"end":{"line":29,"column":48}},{"start":{"line":29,"column":48},"end":{"line":29,"column":59}}]},"17":{"loc":{"start":{"line":29,"column":26},"end":{"line":29,"column":48}},"type":"binary-expr","locations":[{"start":{"line":29,"column":26},"end":{"line":29,"column":48}},{"start":{"line":29,"column":44},"end":{"line":29,"column":48}}]},"18":{"loc":{"start":{"line":29,"column":26},"end":{"line":29,"column":44}},"type":"cond-expr","locations":[{"start":{"line":29,"column":31},"end":{"line":29,"column":33}},{"start":{"line":29,"column":26},"end":{"line":29,"column":44}}]},"19":{"loc":{"start":{"line":29,"column":26},"end":{"line":29,"column":33}},"type":"binary-expr","locations":[{"start":{"line":29,"column":26},"end":{"line":29,"column":33}},{"start":{"line":29,"column":26},"end":{"line":29,"column":33}}]},"20":{"loc":{"start":{"line":32,"column":4},"end":{"line":34,"column":null}},"type":"if","locations":[{"start":{"line":32,"column":4},"end":{"line":34,"column":null}}]},"21":{"loc":{"start":{"line":35,"column":4},"end":{"line":37,"column":null}},"type":"if","locations":[{"start":{"line":35,"column":4},"end":{"line":37,"column":null}}]},"22":{"loc":{"start":{"line":38,"column":4},"end":{"line":49,"column":null}},"type":"if","locations":[{"start":{"line":38,"column":4},"end":{"line":49,"column":null}}]},"23":{"loc":{"start":{"line":39,"column":6},"end":{"line":41,"column":47}},"type":"binary-expr","locations":[{"start":{"line":39,"column":6},"end":{"line":39,"column":24}},{"start":{"line":40,"column":6},"end":{"line":40,"column":45}},{"start":{"line":41,"column":6},"end":{"line":41,"column":47}}]},"24":{"loc":{"start":{"line":50,"column":4},"end":{"line":52,"column":null}},"type":"if","locations":[{"start":{"line":50,"column":4},"end":{"line":52,"column":null}}]},"25":{"loc":{"start":{"line":57,"column":4},"end":{"line":63,"column":10}},"type":"cond-expr","locations":[{"start":{"line":58,"column":8},"end":{"line":58,"column":55}},{"start":{"line":59,"column":8},"end":{"line":63,"column":10}}]},"26":{"loc":{"start":{"line":57,"column":4},"end":{"line":57,"column":50}},"type":"binary-expr","locations":[{"start":{"line":57,"column":4},"end":{"line":57,"column":12}},{"start":{"line":57,"column":16},"end":{"line":57,"column":50}}]},"27":{"loc":{"start":{"line":59,"column":8},"end":{"line":63,"column":10}},"type":"cond-expr","locations":[{"start":{"line":60,"column":8},"end":{"line":62,"column":12}},{"start":{"line":63,"column":8},"end":{"line":63,"column":10}}]},"28":{"loc":{"start":{"line":59,"column":8},"end":{"line":59,"column":31}},"type":"binary-expr","locations":[{"start":{"line":59,"column":8},"end":{"line":59,"column":16}},{"start":{"line":59,"column":20},"end":{"line":59,"column":31}}]},"29":{"loc":{"start":{"line":67,"column":4},"end":{"line":73,"column":10}},"type":"cond-expr","locations":[{"start":{"line":68,"column":8},"end":{"line":68,"column":55}},{"start":{"line":69,"column":8},"end":{"line":73,"column":10}}]},"30":{"loc":{"start":{"line":67,"column":4},"end":{"line":67,"column":50}},"type":"binary-expr","locations":[{"start":{"line":67,"column":4},"end":{"line":67,"column":12}},{"start":{"line":67,"column":16},"end":{"line":67,"column":50}}]},"31":{"loc":{"start":{"line":69,"column":8},"end":{"line":73,"column":10}},"type":"cond-expr","locations":[{"start":{"line":70,"column":8},"end":{"line":72,"column":12}},{"start":{"line":73,"column":8},"end":{"line":73,"column":10}}]},"32":{"loc":{"start":{"line":69,"column":8},"end":{"line":69,"column":31}},"type":"binary-expr","locations":[{"start":{"line":69,"column":8},"end":{"line":69,"column":16}},{"start":{"line":69,"column":20},"end":{"line":69,"column":31}}]},"33":{"loc":{"start":{"line":77,"column":4},"end":{"line":84,"column":10}},"type":"cond-expr","locations":[{"start":{"line":81,"column":8},"end":{"line":81,"column":79}},{"start":{"line":82,"column":8},"end":{"line":84,"column":10}}]},"34":{"loc":{"start":{"line":77,"column":4},"end":{"line":80,"column":23}},"type":"binary-expr","locations":[{"start":{"line":77,"column":4},"end":{"line":77,"column":12}},{"start":{"line":78,"column":4},"end":{"line":78,"column":18}},{"start":{"line":79,"column":4},"end":{"line":79,"column":41}},{"start":{"line":80,"column":4},"end":{"line":80,"column":23}}]},"35":{"loc":{"start":{"line":82,"column":8},"end":{"line":84,"column":10}},"type":"cond-expr","locations":[{"start":{"line":83,"column":8},"end":{"line":83,"column":80}},{"start":{"line":84,"column":8},"end":{"line":84,"column":10}}]},"36":{"loc":{"start":{"line":86,"column":27},"end":{"line":88,"column":8}},"type":"cond-expr","locations":[{"start":{"line":87,"column":6},"end":{"line":87,"column":60}},{"start":{"line":88,"column":6},"end":{"line":88,"column":8}}]},"37":{"loc":{"start":{"line":94,"column":4},"end":{"line":96,"column":10}},"type":"cond-expr","locations":[{"start":{"line":95,"column":8},"end":{"line":95,"column":64}},{"start":{"line":96,"column":8},"end":{"line":96,"column":10}}]},"38":{"loc":{"start":{"line":94,"column":4},"end":{"line":94,"column":75}},"type":"binary-expr","locations":[{"start":{"line":94,"column":4},"end":{"line":94,"column":32}},{"start":{"line":94,"column":36},"end":{"line":94,"column":75}}]},"39":{"loc":{"start":{"line":97,"column":4},"end":{"line":99,"column":31}},"type":"cond-expr","locations":[{"start":{"line":98,"column":8},"end":{"line":98,"column":68}},{"start":{"line":99,"column":8},"end":{"line":99,"column":31}}]},"40":{"loc":{"start":{"line":97,"column":4},"end":{"line":97,"column":43}},"type":"binary-expr","locations":[{"start":{"line":97,"column":4},"end":{"line":97,"column":22}},{"start":{"line":97,"column":26},"end":{"line":97,"column":43}}]},"41":{"loc":{"start":{"line":100,"column":4},"end":{"line":100,"column":52}},"type":"cond-expr","locations":[{"start":{"line":100,"column":21},"end":{"line":100,"column":47}},{"start":{"line":100,"column":50},"end":{"line":100,"column":52}}]},"42":{"loc":{"start":{"line":101,"column":4},"end":{"line":101,"column":51}},"type":"cond-expr","locations":[{"start":{"line":101,"column":17},"end":{"line":101,"column":46}},{"start":{"line":101,"column":49},"end":{"line":101,"column":51}}]},"43":{"loc":{"start":{"line":102,"column":4},"end":{"line":104,"column":10}},"type":"cond-expr","locations":[{"start":{"line":103,"column":8},"end":{"line":103,"column":67}},{"start":{"line":104,"column":8},"end":{"line":104,"column":10}}]},"44":{"loc":{"start":{"line":105,"column":4},"end":{"line":107,"column":10}},"type":"cond-expr","locations":[{"start":{"line":106,"column":8},"end":{"line":106,"column":65}},{"start":{"line":107,"column":8},"end":{"line":107,"column":10}}]},"45":{"loc":{"start":{"line":108,"column":4},"end":{"line":108,"column":68}},"type":"cond-expr","locations":[{"start":{"line":108,"column":26},"end":{"line":108,"column":63}},{"start":{"line":108,"column":66},"end":{"line":108,"column":68}}]},"46":{"loc":{"start":{"line":109,"column":4},"end":{"line":111,"column":10}},"type":"cond-expr","locations":[{"start":{"line":110,"column":8},"end":{"line":110,"column":69}},{"start":{"line":111,"column":8},"end":{"line":111,"column":10}}]},"47":{"loc":{"start":{"line":112,"column":4},"end":{"line":116,"column":10}},"type":"cond-expr","locations":[{"start":{"line":113,"column":8},"end":{"line":113,"column":65}},{"start":{"line":114,"column":8},"end":{"line":116,"column":10}}]},"48":{"loc":{"start":{"line":114,"column":8},"end":{"line":116,"column":10}},"type":"cond-expr","locations":[{"start":{"line":115,"column":8},"end":{"line":115,"column":57}},{"start":{"line":116,"column":8},"end":{"line":116,"column":10}}]},"49":{"loc":{"start":{"line":117,"column":4},"end":{"line":117,"column":73}},"type":"cond-expr","locations":[{"start":{"line":117,"column":22},"end":{"line":117,"column":68}},{"start":{"line":117,"column":71},"end":{"line":117,"column":73}}]},"50":{"loc":{"start":{"line":118,"column":4},"end":{"line":118,"column":68}},"type":"cond-expr","locations":[{"start":{"line":118,"column":26},"end":{"line":118,"column":63}},{"start":{"line":118,"column":66},"end":{"line":118,"column":68}}]},"51":{"loc":{"start":{"line":119,"column":4},"end":{"line":121,"column":10}},"type":"cond-expr","locations":[{"start":{"line":120,"column":8},"end":{"line":120,"column":63}},{"start":{"line":121,"column":8},"end":{"line":121,"column":10}}]},"52":{"loc":{"start":{"line":122,"column":4},"end":{"line":124,"column":10}},"type":"cond-expr","locations":[{"start":{"line":123,"column":8},"end":{"line":123,"column":69}},{"start":{"line":124,"column":8},"end":{"line":124,"column":10}}]},"53":{"loc":{"start":{"line":125,"column":4},"end":{"line":125,"column":61}},"type":"cond-expr","locations":[{"start":{"line":125,"column":24},"end":{"line":125,"column":56}},{"start":{"line":125,"column":59},"end":{"line":125,"column":61}}]},"54":{"loc":{"start":{"line":126,"column":4},"end":{"line":128,"column":10}},"type":"cond-expr","locations":[{"start":{"line":127,"column":8},"end":{"line":127,"column":65}},{"start":{"line":128,"column":8},"end":{"line":128,"column":10}}]},"55":{"loc":{"start":{"line":129,"column":4},"end":{"line":131,"column":10}},"type":"cond-expr","locations":[{"start":{"line":130,"column":8},"end":{"line":130,"column":67}},{"start":{"line":131,"column":8},"end":{"line":131,"column":10}}]},"56":{"loc":{"start":{"line":132,"column":4},"end":{"line":134,"column":10}},"type":"cond-expr","locations":[{"start":{"line":133,"column":8},"end":{"line":133,"column":58}},{"start":{"line":134,"column":8},"end":{"line":134,"column":10}}]},"57":{"loc":{"start":{"line":136,"column":4},"end":{"line":140,"column":10}},"type":"cond-expr","locations":[{"start":{"line":137,"column":8},"end":{"line":139,"column":62}},{"start":{"line":140,"column":8},"end":{"line":140,"column":10}}]},"58":{"loc":{"start":{"line":136,"column":4},"end":{"line":136,"column":54}},"type":"binary-expr","locations":[{"start":{"line":136,"column":4},"end":{"line":136,"column":27}},{"start":{"line":136,"column":31},"end":{"line":136,"column":54}}]},"59":{"loc":{"start":{"line":138,"column":10},"end":{"line":138,"column":38}},"type":"binary-expr","locations":[{"start":{"line":138,"column":10},"end":{"line":138,"column":33}},{"start":{"line":138,"column":37},"end":{"line":138,"column":38}}]},"60":{"loc":{"start":{"line":139,"column":30},"end":{"line":139,"column":58}},"type":"binary-expr","locations":[{"start":{"line":139,"column":30},"end":{"line":139,"column":53}},{"start":{"line":139,"column":57},"end":{"line":139,"column":58}}]},"61":{"loc":{"start":{"line":141,"column":4},"end":{"line":143,"column":10}},"type":"cond-expr","locations":[{"start":{"line":142,"column":8},"end":{"line":142,"column":74}},{"start":{"line":143,"column":8},"end":{"line":143,"column":10}}]},"62":{"loc":{"start":{"line":144,"column":4},"end":{"line":146,"column":10}},"type":"cond-expr","locations":[{"start":{"line":145,"column":8},"end":{"line":145,"column":53}},{"start":{"line":146,"column":8},"end":{"line":146,"column":10}}]},"63":{"loc":{"start":{"line":149,"column":2},"end":{"line":153,"column":null}},"type":"if","locations":[{"start":{"line":149,"column":2},"end":{"line":153,"column":null}},{"start":{"line":151,"column":9},"end":{"line":153,"column":null}}]},"64":{"loc":{"start":{"line":149,"column":6},"end":{"line":149,"column":39}},"type":"binary-expr","locations":[{"start":{"line":149,"column":6},"end":{"line":149,"column":14}},{"start":{"line":149,"column":18},"end":{"line":149,"column":39}}]}},"s":{"0":7,"1":7,"2":7,"3":7,"4":2,"5":2,"6":2,"7":2,"8":2,"9":2,"10":2,"11":2,"12":0,"13":0,"14":0,"15":0,"16":0,"17":0,"18":0,"19":0,"20":0,"21":0,"22":2,"23":2,"24":2,"25":2,"26":2,"27":2,"28":0,"29":2,"30":2,"31":2,"32":2,"33":7},"f":{"0":2,"1":0},"b":{"0":[2,0],"1":[2,2],"2":[0,2],"3":[2,2],"4":[2,0],"5":[2,2],"6":[0,2],"7":[2,2],"8":[2,0],"9":[2,2],"10":[0,2],"11":[2,2],"12":[2,0],"13":[2,2],"14":[0,2],"15":[2,2],"16":[2,0],"17":[2,2],"18":[0,2],"19":[2,2],"20":[0],"21":[0],"22":[0],"23":[0,0,0],"24":[0],"25":[1,1],"26":[2,2],"27":[1,0],"28":[1,1],"29":[1,1],"30":[2,2],"31":[1,0],"32":[1,1],"33":[2,0],"34":[2,2,2,2],"35":[0,0],"36":[0,2],"37":[0,2],"38":[2,0],"39":[2,0],"40":[2,2],"41":[0,2],"42":[0,2],"43":[0,2],"44":[0,2],"45":[0,2],"46":[0,2],"47":[0,2],"48":[2,0],"49":[0,2],"50":[0,2],"51":[0,2],"52":[0,2],"53":[0,2],"54":[0,2],"55":[0,2],"56":[0,2],"57":[0,2],"58":[2,2],"59":[0,0],"60":[0,0],"61":[0,2],"62":[0,2],"63":[0,2],"64":[2,2]}}
,"/Users/landonjohnson/Documents/dev/shared-react-native-types/src/bundle/native/utils/theme-functions/get-style-from-button-props.native.ts": {"path":"/Users/landonjohnson/Documents/dev/shared-react-native-types/src/bundle/native/utils/theme-functions/get-style-from-button-props.native.ts","statementMap":{"0":{"start":{"line":5,"column":91},"end":{"line":92,"column":1}},"1":{"start":{"line":26,"column":24},"end":{"line":26,"column":26}},"2":{"start":{"line":28,"column":2},"end":{"line":36,"column":null}},"3":{"start":{"line":29,"column":4},"end":{"line":35,"column":6}},"4":{"start":{"line":37,"column":2},"end":{"line":39,"column":null}},"5":{"start":{"line":38,"column":4},"end":{"line":38,"column":31}},"6":{"start":{"line":40,"column":2},"end":{"line":42,"column":null}},"7":{"start":{"line":41,"column":4},"end":{"line":41,"column":70}},"8":{"start":{"line":43,"column":2},"end":{"line":45,"column":null}},"9":{"start":{"line":44,"column":4},"end":{"line":44,"column":57}},"10":{"start":{"line":46,"column":2},"end":{"line":48,"column":null}},"11":{"start":{"line":47,"column":4},"end":{"line":47,"column":74}},"12":{"start":{"line":49,"column":2},"end":{"line":51,"column":null}},"13":{"start":{"line":50,"column":4},"end":{"line":50,"column":68}},"14":{"start":{"line":52,"column":2},"end":{"line":54,"column":null}},"15":{"start":{"line":53,"column":4},"end":{"line":53,"column":72}},"16":{"start":{"line":55,"column":2},"end":{"line":57,"column":null}},"17":{"start":{"line":56,"column":4},"end":{"line":56,"column":64}},"18":{"start":{"line":58,"column":2},"end":{"line":60,"column":null}},"19":{"start":{"line":59,"column":4},"end":{"line":59,"column":66}},"20":{"start":{"line":61,"column":2},"end":{"line":63,"column":null}},"21":{"start":{"line":62,"column":4},"end":{"line":62,"column":72}},"22":{"start":{"line":64,"column":2},"end":{"line":66,"column":null}},"23":{"start":{"line":65,"column":4},"end":{"line":65,"column":68}},"24":{"start":{"line":67,"column":2},"end":{"line":69,"column":null}},"25":{"start":{"line":68,"column":4},"end":{"line":68,"column":70}},"26":{"start":{"line":70,"column":2},"end":{"line":72,"column":null}},"27":{"start":{"line":71,"column":4},"end":{"line":71,"column":42}},"28":{"start":{"line":73,"column":2},"end":{"line":75,"column":null}},"29":{"start":{"line":74,"column":4},"end":{"line":74,"column":61}},"30":{"start":{"line":76,"column":2},"end":{"line":78,"column":null}},"31":{"start":{"line":77,"column":4},"end":{"line":77,"column":52}},"32":{"start":{"line":79,"column":2},"end":{"line":81,"column":null}},"33":{"start":{"line":80,"column":4},"end":{"line":80,"column":44}},"34":{"start":{"line":82,"column":2},"end":{"line":84,"column":null}},"35":{"start":{"line":83,"column":4},"end":{"line":83,"column":48}},"36":{"start":{"line":85,"column":2},"end":{"line":89,"column":null}},"37":{"start":{"line":86,"column":4},"end":{"line":88,"column":6}},"38":{"start":{"line":91,"column":2},"end":{"line":91,"column":23}},"39":{"start":{"line":5,"column":13},"end":{"line":5,"column":91}}},"fnMap":{"0":{"name":"(anonymous_0)","decl":{"start":{"line":5,"column":91},"end":{"line":5,"column":92}},"loc":{"start":{"line":25,"column":55},"end":{"line":92,"column":1}}}},"branchMap":{"0":{"loc":{"start":{"line":28,"column":2},"end":{"line":36,"column":null}},"type":"if","locations":[{"start":{"line":28,"column":2},"end":{"line":36,"column":null}}]},"1":{"loc":{"start":{"line":37,"column":2},"end":{"line":39,"column":null}},"type":"if","locations":[{"start":{"line":37,"column":2},"end":{"line":39,"column":null}}]},"2":{"loc":{"start":{"line":40,"column":2},"end":{"line":42,"column":null}},"type":"if","locations":[{"start":{"line":40,"column":2},"end":{"line":42,"column":null}}]},"3":{"loc":{"start":{"line":43,"column":2},"end":{"line":45,"column":null}},"type":"if","locations":[{"start":{"line":43,"column":2},"end":{"line":45,"column":null}}]},"4":{"loc":{"start":{"line":46,"column":2},"end":{"line":48,"column":null}},"type":"if","locations":[{"start":{"line":46,"column":2},"end":{"line":48,"column":null}}]},"5":{"loc":{"start":{"line":49,"column":2},"end":{"line":51,"column":null}},"type":"if","locations":[{"start":{"line":49,"column":2},"end":{"line":51,"column":null}}]},"6":{"loc":{"start":{"line":52,"column":2},"end":{"line":54,"column":null}},"type":"if","locations":[{"start":{"line":52,"column":2},"end":{"line":54,"column":null}}]},"7":{"loc":{"start":{"line":55,"column":2},"end":{"line":57,"column":null}},"type":"if","locations":[{"start":{"line":55,"column":2},"end":{"line":57,"column":null}}]},"8":{"loc":{"start":{"line":58,"column":2},"end":{"line":60,"column":null}},"type":"if","locations":[{"start":{"line":58,"column":2},"end":{"line":60,"column":null}}]},"9":{"loc":{"start":{"line":61,"column":2},"end":{"line":63,"column":null}},"type":"if","locations":[{"start":{"line":61,"column":2},"end":{"line":63,"column":null}}]},"10":{"loc":{"start":{"line":64,"column":2},"end":{"line":66,"column":null}},"type":"if","locations":[{"start":{"line":64,"column":2},"end":{"line":66,"column":null}}]},"11":{"loc":{"start":{"line":67,"column":2},"end":{"line":69,"column":null}},"type":"if","locations":[{"start":{"line":67,"column":2},"end":{"line":69,"column":null}}]},"12":{"loc":{"start":{"line":70,"column":2},"end":{"line":72,"column":null}},"type":"if","locations":[{"start":{"line":70,"column":2},"end":{"line":72,"column":null}}]},"13":{"loc":{"start":{"line":73,"column":2},"end":{"line":75,"column":null}},"type":"if","locations":[{"start":{"line":73,"column":2},"end":{"line":75,"column":null}}]},"14":{"loc":{"start":{"line":76,"column":2},"end":{"line":78,"column":null}},"type":"if","locations":[{"start":{"line":76,"column":2},"end":{"line":78,"column":null}}]},"15":{"loc":{"start":{"line":79,"column":2},"end":{"line":81,"column":null}},"type":"if","locations":[{"start":{"line":79,"column":2},"end":{"line":81,"column":null}}]},"16":{"loc":{"start":{"line":82,"column":2},"end":{"line":84,"column":null}},"type":"if","locations":[{"start":{"line":82,"column":2},"end":{"line":84,"column":null}}]},"17":{"loc":{"start":{"line":85,"column":2},"end":{"line":89,"column":null}},"type":"if","locations":[{"start":{"line":85,"column":2},"end":{"line":89,"column":null}}]}},"s":{"0":7,"1":1,"2":1,"3":1,"4":1,"5":1,"6":1,"7":1,"8":1,"9":1,"10":1,"11":1,"12":1,"13":1,"14":1,"15":1,"16":1,"17":1,"18":1,"19":1,"20":1,"21":1,"22":1,"23":1,"24":1,"25":1,"26":1,"27":0,"28":1,"29":1,"30":1,"31":0,"32":1,"33":1,"34":1,"35":1,"36":1,"37":1,"38":1,"39":7},"f":{"0":1},"b":{"0":[1],"1":[1],"2":[1],"3":[1],"4":[1],"5":[1],"6":[1],"7":[1],"8":[1],"9":[1],"10":[1],"11":[1],"12":[0],"13":[1],"14":[0],"15":[1],"16":[1],"17":[1]}}
,"/Users/landonjohnson/Documents/dev/shared-react-native-types/src/bundle/native/utils/theme-functions/get-style-from-props.native.ts": {"path":"/Users/landonjohnson/Documents/dev/shared-react-native-types/src/bundle/native/utils/theme-functions/get-style-from-props.native.ts","statementMap":{"0":{"start":{"line":4,"column":39},"end":{"line":57,"column":1}},"1":{"start":{"line":25,"column":27},"end":{"line":25,"column":49}},"2":{"start":{"line":26,"column":28},"end":{"line":26,"column":51}},"3":{"start":{"line":28,"column":14},"end":{"line":54,"column":2}},"4":{"start":{"line":56,"column":2},"end":{"line":56,"column":13}},"5":{"start":{"line":4,"column":13},"end":{"line":4,"column":39}}},"fnMap":{"0":{"name":"(anonymous_0)","decl":{"start":{"line":4,"column":39},"end":{"line":4,"column":40}},"loc":{"start":{"line":24,"column":59},"end":{"line":57,"column":1}}}},"branchMap":{"0":{"loc":{"start":{"line":29,"column":4},"end":{"line":31,"column":null}},"type":"cond-expr","locations":[{"start":{"line":30,"column":8},"end":{"line":30,"column":79}},{"start":{"line":31,"column":8},"end":{"line":31,"column":null}}]},"1":{"loc":{"start":{"line":33,"column":4},"end":{"line":33,"column":32}},"type":"cond-expr","locations":[{"start":{"line":33,"column":11},"end":{"line":33,"column":27}},{"start":{"line":33,"column":30},"end":{"line":33,"column":32}}]},"2":{"loc":{"start":{"line":34,"column":4},"end":{"line":34,"column":72}},"type":"cond-expr","locations":[{"start":{"line":34,"column":18},"end":{"line":34,"column":67}},{"start":{"line":34,"column":70},"end":{"line":34,"column":72}}]},"3":{"loc":{"start":{"line":35,"column":4},"end":{"line":35,"column":69}},"type":"cond-expr","locations":[{"start":{"line":35,"column":17},"end":{"line":35,"column":64}},{"start":{"line":35,"column":67},"end":{"line":35,"column":69}}]},"4":{"loc":{"start":{"line":36,"column":4},"end":{"line":36,"column":75}},"type":"cond-expr","locations":[{"start":{"line":36,"column":19},"end":{"line":36,"column":70}},{"start":{"line":36,"column":73},"end":{"line":36,"column":75}}]},"5":{"loc":{"start":{"line":37,"column":4},"end":{"line":37,"column":53}},"type":"cond-expr","locations":[{"start":{"line":37,"column":12},"end":{"line":37,"column":48}},{"start":{"line":37,"column":51},"end":{"line":37,"column":53}}]},"6":{"loc":{"start":{"line":38,"column":4},"end":{"line":38,"column":66}},"type":"cond-expr","locations":[{"start":{"line":38,"column":16},"end":{"line":38,"column":61}},{"start":{"line":38,"column":64},"end":{"line":38,"column":66}}]},"7":{"loc":{"start":{"line":39,"column":4},"end":{"line":39,"column":75}},"type":"cond-expr","locations":[{"start":{"line":39,"column":19},"end":{"line":39,"column":70}},{"start":{"line":39,"column":73},"end":{"line":39,"column":75}}]},"8":{"loc":{"start":{"line":40,"column":4},"end":{"line":40,"column":41}},"type":"cond-expr","locations":[{"start":{"line":40,"column":14},"end":{"line":40,"column":36}},{"start":{"line":40,"column":39},"end":{"line":40,"column":41}}]},"9":{"loc":{"start":{"line":41,"column":4},"end":{"line":41,"column":69}},"type":"cond-expr","locations":[{"start":{"line":41,"column":17},"end":{"line":41,"column":64}},{"start":{"line":41,"column":67},"end":{"line":41,"column":69}}]},"10":{"loc":{"start":{"line":42,"column":4},"end":{"line":42,"column":72}},"type":"cond-expr","locations":[{"start":{"line":42,"column":18},"end":{"line":42,"column":67}},{"start":{"line":42,"column":70},"end":{"line":42,"column":72}}]},"11":{"loc":{"start":{"line":43,"column":4},"end":{"line":43,"column":56}},"type":"cond-expr","locations":[{"start":{"line":43,"column":13},"end":{"line":43,"column":51}},{"start":{"line":43,"column":54},"end":{"line":43,"column":56}}]},"12":{"loc":{"start":{"line":44,"column":4},"end":{"line":44,"column":63}},"type":"cond-expr","locations":[{"start":{"line":44,"column":15},"end":{"line":44,"column":58}},{"start":{"line":44,"column":61},"end":{"line":44,"column":63}}]},"13":{"loc":{"start":{"line":45,"column":4},"end":{"line":45,"column":66}},"type":"cond-expr","locations":[{"start":{"line":45,"column":16},"end":{"line":45,"column":61}},{"start":{"line":45,"column":64},"end":{"line":45,"column":66}}]},"14":{"loc":{"start":{"line":46,"column":4},"end":{"line":46,"column":66}},"type":"cond-expr","locations":[{"start":{"line":46,"column":16},"end":{"line":46,"column":61}},{"start":{"line":46,"column":64},"end":{"line":46,"column":66}}]},"15":{"loc":{"start":{"line":48,"column":4},"end":{"line":50,"column":null}},"type":"cond-expr","locations":[{"start":{"line":49,"column":8},"end":{"line":49,"column":77}},{"start":{"line":50,"column":8},"end":{"line":50,"column":null}}]},"16":{"loc":{"start":{"line":52,"column":4},"end":{"line":52,"column":72}},"type":"cond-expr","locations":[{"start":{"line":52,"column":18},"end":{"line":52,"column":67}},{"start":{"line":52,"column":70},"end":{"line":52,"column":72}}]},"17":{"loc":{"start":{"line":53,"column":4},"end":{"line":53,"column":56}},"type":"cond-expr","locations":[{"start":{"line":53,"column":13},"end":{"line":53,"column":51}},{"start":{"line":53,"column":54},"end":{"line":53,"column":56}}]}},"s":{"0":7,"1":1,"2":1,"3":1,"4":1,"5":7},"f":{"0":1},"b":{"0":[1,0],"1":[1,0],"2":[1,0],"3":[1,0],"4":[1,0],"5":[1,0],"6":[1,0],"7":[1,0],"8":[1,0],"9":[1,0],"10":[1,0],"11":[1,0],"12":[1,0],"13":[1,0],"14":[1,0],"15":[1,0],"16":[1,0],"17":[1,0]}}
,"/Users/landonjohnson/Documents/dev/shared-react-native-types/src/bundle/native/utils/theme-functions/handle-color-from-theme.native.ts": {"path":"/Users/landonjohnson/Documents/dev/shared-react-native-types/src/bundle/native/utils/theme-functions/handle-color-from-theme.native.ts","statementMap":{"0":{"start":{"line":5,"column":0},"end":{"line":5,"column":36}},"1":{"start":{"line":9,"column":0},"end":{"line":9,"column":null}},"2":{"start":{"line":13,"column":0},"end":{"line":13,"column":60}},"3":{"start":{"line":24,"column":71},"end":{"line":49,"column":1}},"4":{"start":{"line":29,"column":54},"end":{"line":31,"column":null}},"5":{"start":{"line":33,"column":2},"end":{"line":48,"column":null}},"6":{"start":{"line":34,"column":4},"end":{"line":45,"column":null}},"7":{"start":{"line":35,"column":6},"end":{"line":42,"column":null}},"8":{"start":{"line":36,"column":8},"end":{"line":39,"column":10}},"9":{"start":{"line":41,"column":8},"end":{"line":41,"column":53}},"10":{"start":{"line":44,"column":6},"end":{"line":44,"column":49}},"11":{"start":{"line":47,"column":4},"end":{"line":47,"column":41}},"12":{"start":{"line":24,"column":13},"end":{"line":24,"column":71}}},"fnMap":{"0":{"name":"(anonymous_0)","decl":{"start":{"line":24,"column":71},"end":{"line":24,"column":null}},"loc":{"start":{"line":28,"column":12},"end":{"line":49,"column":1}}}},"branchMap":{"0":{"loc":{"start":{"line":26,"column":2},"end":{"line":26,"column":21}},"type":"default-arg","locations":[{"start":{"line":26,"column":20},"end":{"line":26,"column":21}}]},"1":{"loc":{"start":{"line":33,"column":2},"end":{"line":48,"column":null}},"type":"if","locations":[{"start":{"line":33,"column":2},"end":{"line":48,"column":null}},{"start":{"line":46,"column":9},"end":{"line":48,"column":null}}]},"2":{"loc":{"start":{"line":34,"column":4},"end":{"line":45,"column":null}},"type":"if","locations":[{"start":{"line":34,"column":4},"end":{"line":45,"column":null}},{"start":{"line":43,"column":11},"end":{"line":45,"column":null}}]},"3":{"loc":{"start":{"line":35,"column":6},"end":{"line":42,"column":null}},"type":"if","locations":[{"start":{"line":35,"column":6},"end":{"line":42,"column":null}},{"start":{"line":40,"column":13},"end":{"line":42,"column":null}}]}},"s":{"0":7,"1":7,"2":7,"3":7,"4":11,"5":11,"6":10,"7":9,"8":3,"9":6,"10":1,"11":1,"12":7},"f":{"0":11},"b":{"0":[0],"1":[10,1],"2":[9,1],"3":[3,6]}}
,"/Users/landonjohnson/Documents/dev/shared-react-native-types/src/bundle/native/utils/theme-functions/handle-font-for-theme.native.ts": {"path":"/Users/landonjohnson/Documents/dev/shared-react-native-types/src/bundle/native/utils/theme-functions/handle-font-for-theme.native.ts","statementMap":{"0":{"start":{"line":1,"column":0},"end":{"line":1,"column":40}},"1":{"start":{"line":2,"column":0},"end":{"line":2,"column":71}},"2":{"start":{"line":7,"column":0},"end":{"line":7,"column":68}},"3":{"start":{"line":11,"column":75},"end":{"line":48,"column":1}},"4":{"start":{"line":16,"column":37},"end":{"line":16,"column":75}},"5":{"start":{"line":17,"column":23},"end":{"line":17,"column":63}},"6":{"start":{"line":18,"column":21},"end":{"line":18,"column":44}},"7":{"start":{"line":19,"column":2},"end":{"line":45,"column":null}},"8":{"start":{"line":28,"column":4},"end":{"line":31,"column":null}},"9":{"start":{"line":29,"column":22},"end":{"line":29,"column":58}},"10":{"start":{"line":30,"column":6},"end":{"line":30,"column":29}},"11":{"start":{"line":32,"column":9},"end":{"line":45,"column":null}},"12":{"start":{"line":38,"column":4},"end":{"line":40,"column":null}},"13":{"start":{"line":39,"column":6},"end":{"line":39,"column":59}},"14":{"start":{"line":41,"column":9},"end":{"line":45,"column":null}},"15":{"start":{"line":42,"column":4},"end":{"line":42,"column":52}},"16":{"start":{"line":44,"column":4},"end":{"line":44,"column":52}},"17":{"start":{"line":47,"column":2},"end":{"line":47,"column":22}},"18":{"start":{"line":11,"column":13},"end":{"line":11,"column":75}}},"fnMap":{"0":{"name":"(anonymous_0)","decl":{"start":{"line":11,"column":75},"end":{"line":11,"column":null}},"loc":{"start":{"line":15,"column":12},"end":{"line":48,"column":1}}}},"branchMap":{"0":{"loc":{"start":{"line":13,"column":2},"end":{"line":13,"column":41}},"type":"default-arg","locations":[{"start":{"line":13,"column":35},"end":{"line":13,"column":41}}]},"1":{"loc":{"start":{"line":16,"column":37},"end":{"line":16,"column":75}},"type":"cond-expr","locations":[{"start":{"line":16,"column":63},"end":{"line":16,"column":67}},{"start":{"line":16,"column":70},"end":{"line":16,"column":75}}]},"2":{"loc":{"start":{"line":16,"column":37},"end":{"line":16,"column":60}},"type":"binary-expr","locations":[{"start":{"line":16,"column":37},"end":{"line":16,"column":45}},{"start":{"line":16,"column":49},"end":{"line":16,"column":60}}]},"3":{"loc":{"start":{"line":17,"column":23},"end":{"line":17,"column":63}},"type":"cond-expr","locations":[{"start":{"line":17,"column":34},"end":{"line":17,"column":42}},{"start":{"line":17,"column":45},"end":{"line":17,"column":63}}]},"4":{"loc":{"start":{"line":19,"column":2},"end":{"line":45,"column":null}},"type":"if","locations":[{"start":{"line":19,"column":2},"end":{"line":45,"column":null}},{"start":{"line":32,"column":9},"end":{"line":45,"column":null}}]},"5":{"loc":{"start":{"line":20,"column":4},"end":{"line":26,"column":34}},"type":"binary-expr","locations":[{"start":{"line":20,"column":4},"end":{"line":20,"column":21}},{"start":{"line":21,"column":4},"end":{"line":21,"column":12}},{"start":{"line":22,"column":4},"end":{"line":22,"column":18}},{"start":{"line":23,"column":4},"end":{"line":23,"column":12}},{"start":{"line":24,"column":4},"end":{"line":24,"column":25}},{"start":{"line":25,"column":4},"end":{"line":25,"column":29}},{"start":{"line":26,"column":4},"end":{"line":26,"column":34}}]},"6":{"loc":{"start":{"line":28,"column":4},"end":{"line":31,"column":null}},"type":"if","locations":[{"start":{"line":28,"column":4},"end":{"line":31,"column":null}}]},"7":{"loc":{"start":{"line":32,"column":9},"end":{"line":45,"column":null}},"type":"if","locations":[{"start":{"line":32,"column":9},"end":{"line":45,"column":null}},{"start":{"line":41,"column":9},"end":{"line":45,"column":null}}]},"8":{"loc":{"start":{"line":33,"column":4},"end":{"line":36,"column":25}},"type":"binary-expr","locations":[{"start":{"line":33,"column":4},"end":{"line":33,"column":21}},{"start":{"line":34,"column":4},"end":{"line":34,"column":12}},{"start":{"line":35,"column":4},"end":{"line":35,"column":18}},{"start":{"line":36,"column":4},"end":{"line":36,"column":25}}]},"9":{"loc":{"start":{"line":38,"column":4},"end":{"line":40,"column":null}},"type":"if","locations":[{"start":{"line":38,"column":4},"end":{"line":40,"column":null}}]},"10":{"loc":{"start":{"line":41,"column":9},"end":{"line":45,"column":null}},"type":"if","locations":[{"start":{"line":41,"column":9},"end":{"line":45,"column":null}},{"start":{"line":43,"column":9},"end":{"line":45,"column":null}}]},"11":{"loc":{"start":{"line":41,"column":13},"end":{"line":41,"column":55}},"type":"binary-expr","locations":[{"start":{"line":41,"column":13},"end":{"line":41,"column":30}},{"start":{"line":41,"column":34},"end":{"line":41,"column":55}}]}},"s":{"0":7,"1":7,"2":7,"3":7,"4":6,"5":6,"6":6,"7":6,"8":1,"9":1,"10":1,"11":5,"12":4,"13":4,"14":1,"15":0,"16":1,"17":6,"18":7},"f":{"0":6},"b":{"0":[0],"1":[6,0],"2":[6,6],"3":[5,1],"4":[1,5],"5":[6,6,5,5,5,1,1],"6":[1],"7":[4,1],"8":[5,5,4,4],"9":[4],"10":[0,1],"11":[1,1]}}
,"/Users/landonjohnson/Documents/dev/shared-react-native-types/src/bundle/native/utils/theme-functions/handle-font-size-props.native.ts": {"path":"/Users/landonjohnson/Documents/dev/shared-react-native-types/src/bundle/native/utils/theme-functions/handle-font-size-props.native.ts","statementMap":{"0":{"start":{"line":7,"column":0},"end":{"line":7,"column":90}},"1":{"start":{"line":8,"column":0},"end":{"line":8,"column":66}},"2":{"start":{"line":9,"column":0},"end":{"line":9,"column":null}},"3":{"start":{"line":13,"column":0},"end":{"line":13,"column":42}},"4":{"start":{"line":15,"column":30},"end":{"line":53,"column":1}},"5":{"start":{"line":22,"column":23},"end":{"line":41,"column":3}},"6":{"start":{"line":27,"column":28},"end":{"line":27,"column":29}},"7":{"start":{"line":28,"column":4},"end":{"line":34,"column":null}},"8":{"start":{"line":29,"column":6},"end":{"line":31,"column":34}},"9":{"start":{"line":32,"column":11},"end":{"line":34,"column":null}},"10":{"start":{"line":33,"column":6},"end":{"line":33,"column":47}},"11":{"start":{"line":36,"column":4},"end":{"line":40,"column":null}},"12":{"start":{"line":37,"column":6},"end":{"line":37,"column":22}},"13":{"start":{"line":39,"column":6},"end":{"line":39,"column":23}},"14":{"start":{"line":44,"column":27},"end":{"line":44,"column":77}},"15":{"start":{"line":47,"column":4},"end":{"line":49,"column":39}},"16":{"start":{"line":52,"column":2},"end":{"line":52,"column":60}},"17":{"start":{"line":56,"column":66},"end":{"line":100,"column":1}},"18":{"start":{"line":62,"column":2},"end":{"line":62,"column":31}},"19":{"start":{"line":62,"column":17},"end":{"line":62,"column":31}},"20":{"start":{"line":63,"column":2},"end":{"line":63,"column":37}},"21":{"start":{"line":63,"column":20},"end":{"line":63,"column":37}},"22":{"start":{"line":64,"column":2},"end":{"line":68,"column":13}},"23":{"start":{"line":65,"column":4},"end":{"line":68,"column":13}},"24":{"start":{"line":69,"column":2},"end":{"line":69,"column":69}},"25":{"start":{"line":69,"column":21},"end":{"line":69,"column":69}},"26":{"start":{"line":72,"column":25},"end":{"line":72,"column":58}},"27":{"start":{"line":73,"column":28},"end":{"line":75,"column":15}},"28":{"start":{"line":78,"column":2},"end":{"line":80,"column":null}},"29":{"start":{"line":79,"column":4},"end":{"line":79,"column":49}},"30":{"start":{"line":81,"column":2},"end":{"line":83,"column":null}},"31":{"start":{"line":82,"column":4},"end":{"line":82,"column":52}},"32":{"start":{"line":86,"column":29},"end":{"line":88,"column":15}},"33":{"start":{"line":91,"column":32},"end":{"line":95,"column":null}},"34":{"start":{"line":99,"column":2},"end":{"line":99,"column":38}},"35":{"start":{"line":56,"column":13},"end":{"line":56,"column":66}}},"fnMap":{"0":{"name":"(anonymous_0)","decl":{"start":{"line":15,"column":30},"end":{"line":15,"column":null}},"loc":{"start":{"line":20,"column":12},"end":{"line":53,"column":1}}},"1":{"name":"(anonymous_1)","decl":{"start":{"line":22,"column":23},"end":{"line":22,"column":null}},"loc":{"start":{"line":26,"column":14},"end":{"line":41,"column":3}}},"2":{"name":"(anonymous_2)","decl":{"start":{"line":56,"column":66},"end":{"line":56,"column":null}},"loc":{"start":{"line":61,"column":12},"end":{"line":100,"column":1}}}},"branchMap":{"0":{"loc":{"start":{"line":28,"column":4},"end":{"line":34,"column":null}},"type":"if","locations":[{"start":{"line":28,"column":4},"end":{"line":34,"column":null}},{"start":{"line":32,"column":11},"end":{"line":34,"column":null}}]},"1":{"loc":{"start":{"line":29,"column":18},"end":{"line":31,"column":33}},"type":"cond-expr","locations":[{"start":{"line":30,"column":10},"end":{"line":30,"column":47}},{"start":{"line":31,"column":10},"end":{"line":31,"column":33}}]},"2":{"loc":{"start":{"line":32,"column":11},"end":{"line":34,"column":null}},"type":"if","locations":[{"start":{"line":32,"column":11},"end":{"line":34,"column":null}}]},"3":{"loc":{"start":{"line":36,"column":4},"end":{"line":40,"column":null}},"type":"if","locations":[{"start":{"line":36,"column":4},"end":{"line":40,"column":null}},{"start":{"line":38,"column":11},"end":{"line":40,"column":null}}]},"4":{"loc":{"start":{"line":47,"column":4},"end":{"line":49,"column":39}},"type":"cond-expr","locations":[{"start":{"line":48,"column":8},"end":{"line":48,"column":19}},{"start":{"line":49,"column":8},"end":{"line":49,"column":39}}]},"5":{"loc":{"start":{"line":62,"column":2},"end":{"line":62,"column":31}},"type":"if","locations":[{"start":{"line":62,"column":2},"end":{"line":62,"column":31}}]},"6":{"loc":{"start":{"line":63,"column":2},"end":{"line":63,"column":37}},"type":"if","locations":[{"start":{"line":63,"column":2},"end":{"line":63,"column":37}}]},"7":{"loc":{"start":{"line":64,"column":2},"end":{"line":68,"column":13}},"type":"if","locations":[{"start":{"line":64,"column":2},"end":{"line":68,"column":13}}]},"8":{"loc":{"start":{"line":66,"column":6},"end":{"line":68,"column":12}},"type":"cond-expr","locations":[{"start":{"line":67,"column":10},"end":{"line":67,"column":41}},{"start":{"line":68,"column":10},"end":{"line":68,"column":12}}]},"9":{"loc":{"start":{"line":66,"column":6},"end":{"line":66,"column":56}},"type":"binary-expr","locations":[{"start":{"line":66,"column":6},"end":{"line":66,"column":16}},{"start":{"line":66,"column":20},"end":{"line":66,"column":56}}]},"10":{"loc":{"start":{"line":69,"column":2},"end":{"line":69,"column":69}},"type":"if","locations":[{"start":{"line":69,"column":2},"end":{"line":69,"column":69}}]},"11":{"loc":{"start":{"line":73,"column":28},"end":{"line":75,"column":15}},"type":"cond-expr","locations":[{"start":{"line":74,"column":6},"end":{"line":74,"column":42}},{"start":{"line":75,"column":6},"end":{"line":75,"column":15}}]},"12":{"loc":{"start":{"line":78,"column":2},"end":{"line":80,"column":null}},"type":"if","locations":[{"start":{"line":78,"column":2},"end":{"line":80,"column":null}}]},"13":{"loc":{"start":{"line":81,"column":2},"end":{"line":83,"column":null}},"type":"if","locations":[{"start":{"line":81,"column":2},"end":{"line":83,"column":null}}]},"14":{"loc":{"start":{"line":81,"column":6},"end":{"line":81,"column":65}},"type":"binary-expr","locations":[{"start":{"line":81,"column":6},"end":{"line":81,"column":37}},{"start":{"line":81,"column":41},"end":{"line":81,"column":65}}]},"15":{"loc":{"start":{"line":86,"column":29},"end":{"line":88,"column":15}},"type":"cond-expr","locations":[{"start":{"line":87,"column":6},"end":{"line":87,"column":51}},{"start":{"line":88,"column":6},"end":{"line":88,"column":15}}]},"16":{"loc":{"start":{"line":93,"column":4},"end":{"line":93,"column":39}},"type":"binary-expr","locations":[{"start":{"line":93,"column":4},"end":{"line":93,"column":21}},{"start":{"line":93,"column":25},"end":{"line":93,"column":39}}]}},"s":{"0":7,"1":7,"2":7,"3":7,"4":7,"5":4,"6":4,"7":4,"8":4,"9":0,"10":0,"11":4,"12":4,"13":0,"14":4,"15":4,"16":4,"17":7,"18":4,"19":0,"20":4,"21":4,"22":4,"23":4,"24":4,"25":4,"26":4,"27":4,"28":4,"29":0,"30":4,"31":0,"32":4,"33":4,"34":4,"35":7},"f":{"0":4,"1":4,"2":4},"b":{"0":[4,0],"1":[4,0],"2":[0],"3":[4,0],"4":[4,0],"5":[0],"6":[4],"7":[4],"8":[0,4],"9":[4,0],"10":[4],"11":[4,0],"12":[0],"13":[0],"14":[4,4],"15":[4,0],"16":[4,0]}}
,"/Users/landonjohnson/Documents/dev/shared-react-native-types/src/bundle/shared/defaults/fonts.defaults.tsx": {"path":"/Users/landonjohnson/Documents/dev/shared-react-native-types/src/bundle/shared/defaults/fonts.defaults.tsx","statementMap":{"0":{"start":{"line":3,"column":13},"end":{"line":30,"column":2}}},"fnMap":{},"branchMap":{},"s":{"0":7},"f":{},"b":{}}
,"/Users/landonjohnson/Documents/dev/shared-react-native-types/src/bundle/shared/defaults/light-colors.defaults.tsx": {"path":"/Users/landonjohnson/Documents/dev/shared-react-native-types/src/bundle/shared/defaults/light-colors.defaults.tsx","statementMap":{"0":{"start":{"line":12,"column":0},"end":{"line":12,"column":52}},"1":{"start":{"line":14,"column":13},"end":{"line":78,"column":2}},"2":{"start":{"line":80,"column":13},"end":{"line":95,"column":2}},"3":{"start":{"line":97,"column":13},"end":{"line":107,"column":2}},"4":{"start":{"line":109,"column":13},"end":{"line":120,"column":2}},"5":{"start":{"line":122,"column":13},"end":{"line":130,"column":2}},"6":{"start":{"line":132,"column":13},"end":{"line":148,"column":2}},"7":{"start":{"line":150,"column":13},"end":{"line":156,"column":null}}},"fnMap":{},"branchMap":{},"s":{"0":7,"1":7,"2":7,"3":7,"4":7,"5":7,"6":7,"7":7},"f":{},"b":{}}
,"/Users/landonjohnson/Documents/dev/shared-react-native-types/src/bundle/shared/types/font-size-handler.type.ts": {"path":"/Users/landonjohnson/Documents/dev/shared-react-native-types/src/bundle/shared/types/font-size-handler.type.ts","statementMap":{"0":{"start":{"line":1,"column":0},"end":{"line":1,"column":null}},"1":{"start":{"line":2,"column":2},"end":{"line":2,"column":null}},"2":{"start":{"line":3,"column":2},"end":{"line":3,"column":null}}},"fnMap":{"0":{"name":"(anonymous_0)","decl":{"start":{"line":1,"column":0},"end":{"line":1,"column":12}},"loc":{"start":{"line":1,"column":38},"end":{"line":4,"column":1}}}},"branchMap":{"0":{"loc":{"start":{"line":1,"column":12},"end":{"line":1,"column":null}},"type":"binary-expr","locations":[{"start":{"line":1,"column":12},"end":{"line":1,"column":38}},{"start":{"line":1,"column":38},"end":{"line":1,"column":null}}]}},"s":{"0":7,"1":7,"2":7},"f":{"0":7},"b":{"0":[7,7]}}
,"/Users/landonjohnson/Documents/dev/shared-react-native-types/src/bundle/shared/types/font-type.enum.ts": {"path":"/Users/landonjohnson/Documents/dev/shared-react-native-types/src/bundle/shared/types/font-type.enum.ts","statementMap":{"0":{"start":{"line":1,"column":0},"end":{"line":1,"column":null}},"1":{"start":{"line":2,"column":2},"end":{"line":2,"column":null}},"2":{"start":{"line":3,"column":2},"end":{"line":3,"column":null}},"3":{"start":{"line":4,"column":2},"end":{"line":4,"column":null}},"4":{"start":{"line":5,"column":2},"end":{"line":5,"column":null}}},"fnMap":{"0":{"name":"(anonymous_0)","decl":{"start":{"line":1,"column":0},"end":{"line":1,"column":12}},"loc":{"start":{"line":1,"column":24},"end":{"line":6,"column":1}}}},"branchMap":{"0":{"loc":{"start":{"line":1,"column":12},"end":{"line":1,"column":null}},"type":"binary-expr","locations":[{"start":{"line":1,"column":12},"end":{"line":1,"column":24}},{"start":{"line":1,"column":24},"end":{"line":1,"column":null}}]}},"s":{"0":7,"1":7,"2":7,"3":7,"4":7},"f":{"0":7},"b":{"0":[7,7]}}
,"/Users/landonjohnson/Documents/dev/shared-react-native-types/src/bundle/shared/types/unit-props.types.ts": {"path":"/Users/landonjohnson/Documents/dev/shared-react-native-types/src/bundle/shared/types/unit-props.types.ts","statementMap":{"0":{"start":{"line":1,"column":0},"end":{"line":1,"column":null}},"1":{"start":{"line":2,"column":4},"end":{"line":2,"column":null}},"2":{"start":{"line":5,"column":2},"end":{"line":5,"column":null}},"3":{"start":{"line":6,"column":4},"end":{"line":6,"column":null}},"4":{"start":{"line":7,"column":4},"end":{"line":7,"column":null}},"5":{"start":{"line":8,"column":4},"end":{"line":8,"column":null}},"6":{"start":{"line":9,"column":4},"end":{"line":9,"column":null}},"7":{"start":{"line":10,"column":4},"end":{"line":10,"column":null}},"8":{"start":{"line":11,"column":4},"end":{"line":11,"column":null}},"9":{"start":{"line":12,"column":4},"end":{"line":12,"column":null}},"10":{"start":{"line":13,"column":4},"end":{"line":13,"column":null}}},"fnMap":{"0":{"name":"(anonymous_0)","decl":{"start":{"line":1,"column":0},"end":{"line":1,"column":12}},"loc":{"start":{"line":1,"column":35},"end":{"line":3,"column":3}}},"1":{"name":"(anonymous_1)","decl":{"start":{"line":5,"column":2},"end":{"line":5,"column":14}},"loc":{"start":{"line":5,"column":34},"end":{"line":14,"column":3}}}},"branchMap":{"0":{"loc":{"start":{"line":1,"column":12},"end":{"line":1,"column":null}},"type":"binary-expr","locations":[{"start":{"line":1,"column":12},"end":{"line":1,"column":35}},{"start":{"line":1,"column":35},"end":{"line":1,"column":null}}]},"1":{"loc":{"start":{"line":5,"column":14},"end":{"line":5,"column":null}},"type":"binary-expr","locations":[{"start":{"line":5,"column":14},"end":{"line":5,"column":34}},{"start":{"line":5,"column":34},"end":{"line":5,"column":null}}]}},"s":{"0":7,"1":7,"2":7,"3":7,"4":7,"5":7,"6":7,"7":7,"8":7,"9":7,"10":7},"f":{"0":7,"1":7},"b":{"0":[7,7],"1":[7,7]}}
,"/Users/landonjohnson/Documents/dev/shared-react-native-types/src/bundle/shared/utils/adjust-color.ts": {"path":"/Users/landonjohnson/Documents/dev/shared-react-native-types/src/bundle/shared/utils/adjust-color.ts","statementMap":{"0":{"start":{"line":2,"column":21},"end":{"line":2,"column":37}},"1":{"start":{"line":13,"column":13},"end":{"line":13,"column":45}},"2":{"start":{"line":15,"column":34},"end":{"line":16,"column":47}},"3":{"start":{"line":16,"column":2},"end":{"line":16,"column":47}},"4":{"start":{"line":15,"column":13},"end":{"line":15,"column":34}},"5":{"start":{"line":18,"column":19},"end":{"line":22,"column":1}},"6":{"start":{"line":19,"column":2},"end":{"line":21,"column":null}},"7":{"start":{"line":20,"column":4},"end":{"line":20,"column":25}},"8":{"start":{"line":18,"column":13},"end":{"line":18,"column":19}},"9":{"start":{"line":24,"column":39},"end":{"line":33,"column":1}},"10":{"start":{"line":25,"column":2},"end":{"line":25,"column":54}},"11":{"start":{"line":25,"column":42},"end":{"line":25,"column":54}},"12":{"start":{"line":27,"column":2},"end":{"line":32,"column":null}},"13":{"start":{"line":28,"column":18},"end":{"line":28,"column":42}},"14":{"start":{"line":29,"column":4},"end":{"line":29,"column":26}},"15":{"start":{"line":31,"column":4},"end":{"line":31,"column":17}},"16":{"start":{"line":24,"column":13},"end":{"line":24,"column":39}},"17":{"start":{"line":35,"column":42},"end":{"line":86,"column":1}},"18":{"start":{"line":41,"column":2},"end":{"line":41,"column":60}},"19":{"start":{"line":41,"column":42},"end":{"line":41,"column":60}},"20":{"start":{"line":43,"column":2},"end":{"line":46,"column":null}},"21":{"start":{"line":44,"column":4},"end":{"line":44,"column":77}},"22":{"start":{"line":45,"column":4},"end":{"line":45,"column":21}},"23":{"start":{"line":48,"column":2},"end":{"line":85,"column":null}},"24":{"start":{"line":49,"column":4},"end":{"line":79,"column":null}},"25":{"start":{"line":50,"column":26},"end":{"line":50,"column":50}},"26":{"start":{"line":52,"column":6},"end":{"line":56,"column":null}},"27":{"start":{"line":53,"column":8},"end":{"line":53,"column":51}},"28":{"start":{"line":54,"column":13},"end":{"line":56,"column":null}},"29":{"start":{"line":55,"column":8},"end":{"line":55,"column":50}},"30":{"start":{"line":58,"column":25},"end":{"line":58,"column":41}},"31":{"start":{"line":60,"column":6},"end":{"line":73,"column":null}},"32":{"start":{"line":61,"column":27},"end":{"line":63,"column":53}},"33":{"start":{"line":64,"column":8},"end":{"line":64,"column":32}},"34":{"start":{"line":66,"column":8},"end":{"line":66,"column":56}},"35":{"start":{"line":68,"column":8},"end":{"line":72,"column":null}},"36":{"start":{"line":69,"column":10},"end":{"line":69,"column":37}},"37":{"start":{"line":71,"column":10},"end":{"line":71,"column":46}},"38":{"start":{"line":75,"column":6},"end":{"line":77,"column":8}},"39":{"start":{"line":78,"column":6},"end":{"line":78,"column":23}},"40":{"start":{"line":81,"column":4},"end":{"line":83,"column":6}},"41":{"start":{"line":84,"column":4},"end":{"line":84,"column":21}},"42":{"start":{"line":35,"column":13},"end":{"line":35,"column":42}}},"fnMap":{"0":{"name":"(anonymous_0)","decl":{"start":{"line":15,"column":34},"end":{"line":15,"column":37}},"loc":{"start":{"line":16,"column":2},"end":{"line":16,"column":47}}},"1":{"name":"(anonymous_1)","decl":{"start":{"line":18,"column":19},"end":{"line":18,"column":20}},"loc":{"start":{"line":18,"column":39},"end":{"line":22,"column":1}}},"2":{"name":"(anonymous_2)","decl":{"start":{"line":24,"column":39},"end":{"line":24,"column":40}},"loc":{"start":{"line":24,"column":71},"end":{"line":33,"column":1}}},"3":{"name":"(anonymous_3)","decl":{"start":{"line":35,"column":42},"end":{"line":35,"column":null}},"loc":{"start":{"line":40,"column":12},"end":{"line":86,"column":1}}}},"branchMap":{"0":{"loc":{"start":{"line":16,"column":2},"end":{"line":16,"column":47}},"type":"binary-expr","locations":[{"start":{"line":16,"column":2},"end":{"line":16,"column":32}},{"start":{"line":16,"column":36},"end":{"line":16,"column":47}}]},"1":{"loc":{"start":{"line":19,"column":2},"end":{"line":21,"column":null}},"type":"if","locations":[{"start":{"line":19,"column":2},"end":{"line":21,"column":null}}]},"2":{"loc":{"start":{"line":25,"column":2},"end":{"line":25,"column":54}},"type":"if","locations":[{"start":{"line":25,"column":2},"end":{"line":25,"column":54}}]},"3":{"loc":{"start":{"line":39,"column":2},"end":{"line":39,"column":17}},"type":"default-arg","locations":[{"start":{"line":39,"column":12},"end":{"line":39,"column":17}}]},"4":{"loc":{"start":{"line":41,"column":2},"end":{"line":41,"column":60}},"type":"if","locations":[{"start":{"line":41,"column":2},"end":{"line":41,"column":60}}]},"5":{"loc":{"start":{"line":43,"column":2},"end":{"line":46,"column":null}},"type":"if","locations":[{"start":{"line":43,"column":2},"end":{"line":46,"column":null}}]},"6":{"loc":{"start":{"line":43,"column":6},"end":{"line":43,"column":40}},"type":"binary-expr","locations":[{"start":{"line":43,"column":6},"end":{"line":43,"column":20}},{"start":{"line":43,"column":24},"end":{"line":43,"column":40}}]},"7":{"loc":{"start":{"line":48,"column":2},"end":{"line":85,"column":null}},"type":"if","locations":[{"start":{"line":48,"column":2},"end":{"line":85,"column":null}},{"start":{"line":80,"column":9},"end":{"line":85,"column":null}}]},"8":{"loc":{"start":{"line":52,"column":6},"end":{"line":56,"column":null}},"type":"if","locations":[{"start":{"line":52,"column":6},"end":{"line":56,"column":null}},{"start":{"line":54,"column":13},"end":{"line":56,"column":null}}]},"9":{"loc":{"start":{"line":54,"column":13},"end":{"line":56,"column":null}},"type":"if","locations":[{"start":{"line":54,"column":13},"end":{"line":56,"column":null}}]},"10":{"loc":{"start":{"line":60,"column":6},"end":{"line":73,"column":null}},"type":"if","locations":[{"start":{"line":60,"column":6},"end":{"line":73,"column":null}},{"start":{"line":65,"column":13},"end":{"line":73,"column":null}}]},"11":{"loc":{"start":{"line":68,"column":8},"end":{"line":72,"column":null}},"type":"if","locations":[{"start":{"line":68,"column":8},"end":{"line":72,"column":null}},{"start":{"line":70,"column":15},"end":{"line":72,"column":null}}]}},"s":{"0":7,"1":7,"2":7,"3":0,"4":7,"5":7,"6":0,"7":0,"8":7,"9":7,"10":140,"11":0,"12":140,"13":140,"14":140,"15":0,"16":7,"17":7,"18":140,"19":0,"20":140,"21":0,"22":0,"23":140,"24":140,"25":140,"26":140,"27":70,"28":70,"29":70,"30":140,"31":140,"32":126,"33":126,"34":14,"35":14,"36":14,"37":0,"38":0,"39":0,"40":0,"41":0,"42":7},"f":{"0":0,"1":0,"2":140,"3":140},"b":{"0":[0,0],"1":[0],"2":[0],"3":[14],"4":[0],"5":[0],"6":[140,140],"7":[140,0],"8":[70,70],"9":[70],"10":[126,14],"11":[14,0]}}
,"/Users/landonjohnson/Documents/dev/shared-react-native-types/src/bundle/shared/utils/cap-font-size.ts": {"path":"/Users/landonjohnson/Documents/dev/shared-react-native-types/src/bundle/shared/utils/cap-font-size.ts","statementMap":{"0":{"start":{"line":5,"column":40},"end":{"line":22,"column":1}},"1":{"start":{"line":11,"column":4},"end":{"line":11,"column":68}},"2":{"start":{"line":14,"column":2},"end":{"line":18,"column":null}},"3":{"start":{"line":15,"column":4},"end":{"line":17,"column":6}},"4":{"start":{"line":21,"column":2},"end":{"line":21,"column":47}},"5":{"start":{"line":5,"column":13},"end":{"line":5,"column":40}}},"fnMap":{"0":{"name":"(anonymous_0)","decl":{"start":{"line":5,"column":40},"end":{"line":5,"column":null}},"loc":{"start":{"line":8,"column":12},"end":{"line":22,"column":1}}}},"branchMap":{"0":{"loc":{"start":{"line":11,"column":4},"end":{"line":11,"column":68}},"type":"cond-expr","locations":[{"start":{"line":11,"column":35},"end":{"line":11,"column":57}},{"start":{"line":11,"column":60},"end":{"line":11,"column":68}}]},"1":{"loc":{"start":{"line":14,"column":2},"end":{"line":18,"column":null}},"type":"if","locations":[{"start":{"line":14,"column":2},"end":{"line":18,"column":null}}]}},"s":{"0":7,"1":6,"2":6,"3":0,"4":6,"5":7},"f":{"0":6},"b":{"0":[0,6],"1":[0]}}
,"/Users/landonjohnson/Documents/dev/shared-react-native-types/src/bundle/shared/utils/extract-values-from-colors-interface.ts": {"path":"/Users/landonjohnson/Documents/dev/shared-react-native-types/src/bundle/shared/utils/extract-values-from-colors-interface.ts","statementMap":{"0":{"start":{"line":6,"column":15},"end":{"line":6,"column":34}},"1":{"start":{"line":7,"column":17},"end":{"line":7,"column":38}},"2":{"start":{"line":9,"column":2},"end":{"line":9,"column":24}},"3":{"start":{"line":3,"column":0},"end":{"line":3,"column":16}}},"fnMap":{"0":{"name":"extractKeysAndValuesFromColorsInterface","decl":{"start":{"line":3,"column":16},"end":{"line":3,"column":55}},"loc":{"start":{"line":4,"column":25},"end":{"line":10,"column":1}}}},"branchMap":{},"s":{"0":14,"1":14,"2":14,"3":7},"f":{"0":14},"b":{}}
,"/Users/landonjohnson/Documents/dev/shared-react-native-types/src/bundle/shared/utils/handle-box-shadows.ts": {"path":"/Users/landonjohnson/Documents/dev/shared-react-native-types/src/bundle/shared/utils/handle-box-shadows.ts","statementMap":{"0":{"start":{"line":3,"column":46},"end":{"line":5,"column":1}},"1":{"start":{"line":4,"column":2},"end":{"line":4,"column":34}},"2":{"start":{"line":3,"column":13},"end":{"line":3,"column":46}}},"fnMap":{"0":{"name":"(anonymous_0)","decl":{"start":{"line":3,"column":46},"end":{"line":3,"column":47}},"loc":{"start":{"line":3,"column":64},"end":{"line":5,"column":1}}}},"branchMap":{},"s":{"0":7,"1":0,"2":7},"f":{"0":0},"b":{}}
,"/Users/landonjohnson/Documents/dev/shared-react-native-types/src/bundle/shared/utils/handle-unit-props.ts": {"path":"/Users/landonjohnson/Documents/dev/shared-react-native-types/src/bundle/shared/utils/handle-unit-props.ts","statementMap":{"0":{"start":{"line":1,"column":0},"end":{"line":1,"column":108}},"1":{"start":{"line":3,"column":50},"end":{"line":37,"column":1}},"2":{"start":{"line":7,"column":2},"end":{"line":9,"column":null}},"3":{"start":{"line":8,"column":4},"end":{"line":8,"column":48}},"4":{"start":{"line":10,"column":2},"end":{"line":12,"column":null}},"5":{"start":{"line":11,"column":4},"end":{"line":11,"column":17}},"6":{"start":{"line":14,"column":2},"end":{"line":21,"column":null}},"7":{"start":{"line":20,"column":4},"end":{"line":20,"column":18}},"8":{"start":{"line":24,"column":4},"end":{"line":26,"column":13}},"9":{"start":{"line":28,"column":2},"end":{"line":34,"column":null}},"10":{"start":{"line":29,"column":4},"end":{"line":33,"column":null}},"11":{"start":{"line":30,"column":6},"end":{"line":30,"column":31}},"12":{"start":{"line":32,"column":6},"end":{"line":32,"column":45}},"13":{"start":{"line":36,"column":2},"end":{"line":36,"column":33}},"14":{"start":{"line":3,"column":13},"end":{"line":3,"column":50}}},"fnMap":{"0":{"name":"(anonymous_0)","decl":{"start":{"line":3,"column":50},"end":{"line":3,"column":null}},"loc":{"start":{"line":6,"column":9},"end":{"line":37,"column":1}}}},"branchMap":{"0":{"loc":{"start":{"line":7,"column":2},"end":{"line":9,"column":null}},"type":"if","locations":[{"start":{"line":7,"column":2},"end":{"line":9,"column":null}}]},"1":{"loc":{"start":{"line":10,"column":2},"end":{"line":12,"column":null}},"type":"if","locations":[{"start":{"line":10,"column":2},"end":{"line":12,"column":null}}]},"2":{"loc":{"start":{"line":10,"column":6},"end":{"line":10,"column":31}},"type":"binary-expr","locations":[{"start":{"line":10,"column":6},"end":{"line":10,"column":11}},{"start":{"line":10,"column":15},"end":{"line":10,"column":31}}]},"3":{"loc":{"start":{"line":14,"column":2},"end":{"line":21,"column":null}},"type":"if","locations":[{"start":{"line":14,"column":2},"end":{"line":21,"column":null}}]},"4":{"loc":{"start":{"line":15,"column":4},"end":{"line":18,"column":32}},"type":"binary-expr","locations":[{"start":{"line":15,"column":4},"end":{"line":15,"column":10}},{"start":{"line":16,"column":4},"end":{"line":16,"column":23}},{"start":{"line":17,"column":4},"end":{"line":17,"column":15}},{"start":{"line":18,"column":4},"end":{"line":18,"column":32}}]},"5":{"loc":{"start":{"line":24,"column":4},"end":{"line":26,"column":13}},"type":"cond-expr","locations":[{"start":{"line":25,"column":8},"end":{"line":25,"column":38}},{"start":{"line":26,"column":8},"end":{"line":26,"column":13}}]},"6":{"loc":{"start":{"line":24,"column":4},"end":{"line":24,"column":43}},"type":"binary-expr","locations":[{"start":{"line":24,"column":4},"end":{"line":24,"column":9}},{"start":{"line":24,"column":13},"end":{"line":24,"column":43}}]},"7":{"loc":{"start":{"line":28,"column":2},"end":{"line":34,"column":null}},"type":"if","locations":[{"start":{"line":28,"column":2},"end":{"line":34,"column":null}}]},"8":{"loc":{"start":{"line":28,"column":6},"end":{"line":28,"column":40}},"type":"binary-expr","locations":[{"start":{"line":28,"column":6},"end":{"line":28,"column":11}},{"start":{"line":28,"column":15},"end":{"line":28,"column":40}}]},"9":{"loc":{"start":{"line":29,"column":4},"end":{"line":33,"column":null}},"type":"if","locations":[{"start":{"line":29,"column":4},"end":{"line":33,"column":null}},{"start":{"line":31,"column":11},"end":{"line":33,"column":null}}]}},"s":{"0":7,"1":7,"2":38,"3":38,"4":38,"5":0,"6":38,"7":2,"8":38,"9":38,"10":36,"11":0,"12":36,"13":38,"14":7},"f":{"0":38},"b":{"0":[38],"1":[0],"2":[38,36],"3":[2],"4":[38,36,36,36],"5":[0,38],"6":[38,38],"7":[36],"8":[38,38],"9":[0,36]}}
,"/Users/landonjohnson/Documents/dev/shared-react-native-types/src/bundle/shared/utils/is-color-name-or-value.ts": {"path":"/Users/landonjohnson/Documents/dev/shared-react-native-types/src/bundle/shared/utils/is-color-name-or-value.ts","statementMap":{"0":{"start":{"line":3,"column":0},"end":{"line":3,"column":97}},"1":{"start":{"line":9,"column":0},"end":{"line":9,"column":null}},"2":{"start":{"line":10,"column":2},"end":{"line":10,"column":null}},"3":{"start":{"line":11,"column":2},"end":{"line":11,"column":null}},"4":{"start":{"line":26,"column":64},"end":{"line":41,"column":1}},"5":{"start":{"line":30,"column":25},"end":{"line":30,"column":78}},"6":{"start":{"line":32,"column":2},"end":{"line":34,"column":null}},"7":{"start":{"line":33,"column":4},"end":{"line":33,"column":42}},"8":{"start":{"line":36,"column":2},"end":{"line":38,"column":null}},"9":{"start":{"line":37,"column":4},"end":{"line":37,"column":43}},"10":{"start":{"line":40,"column":2},"end":{"line":40,"column":15}},"11":{"start":{"line":26,"column":13},"end":{"line":26,"column":64}}},"fnMap":{"0":{"name":"(anonymous_0)","decl":{"start":{"line":9,"column":0},"end":{"line":9,"column":12}},"loc":{"start":{"line":9,"column":32},"end":{"line":12,"column":1}}},"1":{"name":"(anonymous_1)","decl":{"start":{"line":26,"column":64},"end":{"line":26,"column":null}},"loc":{"start":{"line":29,"column":34},"end":{"line":41,"column":1}}}},"branchMap":{"0":{"loc":{"start":{"line":9,"column":12},"end":{"line":9,"column":null}},"type":"binary-expr","locations":[{"start":{"line":9,"column":12},"end":{"line":9,"column":32}},{"start":{"line":9,"column":32},"end":{"line":9,"column":null}}]},"1":{"loc":{"start":{"line":32,"column":2},"end":{"line":34,"column":null}},"type":"if","locations":[{"start":{"line":32,"column":2},"end":{"line":34,"column":null}}]},"2":{"loc":{"start":{"line":36,"column":2},"end":{"line":38,"column":null}},"type":"if","locations":[{"start":{"line":36,"column":2},"end":{"line":38,"column":null}}]}},"s":{"0":7,"1":7,"2":7,"3":7,"4":7,"5":14,"6":14,"7":10,"8":4,"9":2,"10":2,"11":7},"f":{"0":7,"1":14},"b":{"0":[7,7],"1":[10],"2":[2]}}
,"/Users/landonjohnson/Documents/dev/shared-react-native-types/src/bundle/shared/utils/is-valid-hex.ts": {"path":"/Users/landonjohnson/Documents/dev/shared-react-native-types/src/bundle/shared/utils/is-valid-hex.ts","statementMap":{"0":{"start":{"line":2,"column":2},"end":{"line":2,"column":56}},"1":{"start":{"line":2,"column":43},"end":{"line":2,"column":56}},"2":{"start":{"line":3,"column":2},"end":{"line":5,"column":null}},"3":{"start":{"line":4,"column":4},"end":{"line":4,"column":17}},"4":{"start":{"line":7,"column":2},"end":{"line":7,"column":64}},"5":{"start":{"line":7,"column":37},"end":{"line":7,"column":64}},"6":{"start":{"line":9,"column":2},"end":{"line":18,"column":null}},"7":{"start":{"line":11,"column":6},"end":{"line":11,"column":42}},"8":{"start":{"line":13,"column":6},"end":{"line":13,"column":42}},"9":{"start":{"line":15,"column":6},"end":{"line":15,"column":42}},"10":{"start":{"line":17,"column":6},"end":{"line":17,"column":19}},"11":{"start":{"line":1,"column":0},"end":{"line":1,"column":16}},"12":{"start":{"line":21,"column":0},"end":{"line":21,"column":26}}},"fnMap":{"0":{"name":"isValidHex","decl":{"start":{"line":1,"column":16},"end":{"line":1,"column":26}},"loc":{"start":{"line":1,"column":40},"end":{"line":19,"column":1}}}},"branchMap":{"0":{"loc":{"start":{"line":2,"column":2},"end":{"line":2,"column":56}},"type":"if","locations":[{"start":{"line":2,"column":2},"end":{"line":2,"column":56}}]},"1":{"loc":{"start":{"line":2,"column":6},"end":{"line":2,"column":41}},"type":"binary-expr","locations":[{"start":{"line":2,"column":6},"end":{"line":2,"column":12}},{"start":{"line":2,"column":16},"end":{"line":2,"column":41}}]},"2":{"loc":{"start":{"line":3,"column":2},"end":{"line":5,"column":null}},"type":"if","locations":[{"start":{"line":3,"column":2},"end":{"line":5,"column":null}}]},"3":{"loc":{"start":{"line":7,"column":2},"end":{"line":7,"column":64}},"type":"if","locations":[{"start":{"line":7,"column":2},"end":{"line":7,"column":64}}]},"4":{"loc":{"start":{"line":9,"column":2},"end":{"line":18,"column":null}},"type":"switch","locations":[{"start":{"line":10,"column":4},"end":{"line":11,"column":42}},{"start":{"line":12,"column":4},"end":{"line":13,"column":42}},{"start":{"line":14,"column":4},"end":{"line":15,"column":42}},{"start":{"line":16,"column":4},"end":{"line":17,"column":19}}]}},"s":{"0":14,"1":1,"2":13,"3":8,"4":5,"5":5,"6":5,"7":0,"8":5,"9":0,"10":0,"11":7,"12":7},"f":{"0":14},"b":{"0":[1],"1":[14,13],"2":[8],"3":[5],"4":[0,5,0,0]}}
}
