TN:
SF:src/bundle/native/setup/create-theme/create-theme.native.ts
FN:22,(anonymous_0)
FNF:1
FNH:1
FNDA:8,(anonymous_0)
DA:1,7
DA:2,7
DA:9,7
DA:10,7
DA:11,7
DA:12,7
DA:13,7
DA:14,7
DA:15,7
DA:16,7
DA:17,7
DA:18,7
DA:19,7
DA:20,7
DA:22,7
DA:25,8
DA:26,8
DA:71,8
LF:18
LH:18
BRF:0
BRH:0
end_of_record
TN:
SF:src/bundle/native/utils/responsive-font-size.native.tsx
FN:3,isIphoneX
FN:31,ifIphoneX
FN:38,getStatusBarHeight
FN:56,getBottomSpace
FN:61,getOrientation
FN:72,RFPercentageNative
FN:99,RFValueNative
FNF:7
FNH:3
FNDA:4,isIphoneX
FNDA:0,ifIphoneX
FNDA:0,getStatusBarHeight
FNDA:0,getBottomSpace
FNDA:4,getOrientation
FNDA:0,RFPercentageNative
FNDA:4,RFValueNative
DA:1,7
DA:3,7
DA:4,4
DA:10,0
DA:11,0
DA:27,4
DA:31,7
DA:32,0
DA:33,0
DA:35,0
DA:38,7
DA:39,0
DA:45,0
DA:46,0
DA:49,0
DA:50,0
DA:53,0
DA:56,7
DA:57,0
DA:62,4
DA:63,4
DA:64,4
DA:65,0
DA:66,0
DA:68,4
DA:72,7
DA:73,0
DA:74,0
DA:75,0
DA:76,0
DA:77,0
DA:78,0
DA:80,0
DA:82,0
DA:92,0
DA:94,0
DA:95,0
DA:99,7
DA:103,4
DA:104,4
DA:105,4
DA:106,4
DA:107,0
DA:108,0
DA:110,4
DA:112,4
DA:122,4
DA:124,4
DA:125,4
LF:49
LH:22
BRDA:4,0,0,0
BRDA:4,0,1,4
BRDA:5,1,0,4
BRDA:5,1,1,0
BRDA:5,1,2,0
BRDA:5,1,3,0
BRDA:12,2,0,0
BRDA:12,2,1,0
BRDA:12,2,2,0
BRDA:12,2,3,0
BRDA:12,2,4,0
BRDA:12,2,5,0
BRDA:12,2,6,0
BRDA:12,2,7,0
BRDA:12,2,8,0
BRDA:12,2,9,0
BRDA:12,2,10,0
BRDA:12,2,11,0
BRDA:12,2,12,0
BRDA:32,3,0,0
BRDA:45,4,0,0
BRDA:45,5,0,0
BRDA:45,5,1,0
BRDA:49,6,0,0
BRDA:49,7,0,0
BRDA:49,7,1,0
BRDA:50,8,0,0
BRDA:50,8,1,0
BRDA:57,9,0,0
BRDA:57,9,1,0
BRDA:64,10,0,0
BRDA:64,11,0,4
BRDA:64,11,1,0
BRDA:68,12,0,0
BRDA:68,12,1,4
BRDA:76,13,0,0
BRDA:76,14,0,0
BRDA:76,14,1,0
BRDA:80,15,0,0
BRDA:80,15,1,0
BRDA:82,16,0,0
BRDA:82,16,1,0
BRDA:83,17,0,0
BRDA:83,17,1,0
BRDA:86,18,0,0
BRDA:86,18,1,0
BRDA:86,19,0,0
BRDA:86,19,1,0
BRDA:92,20,0,0
BRDA:92,20,1,0
BRDA:92,21,0,0
BRDA:92,21,1,0
BRDA:101,22,0,0
BRDA:106,23,0,0
BRDA:106,24,0,4
BRDA:106,24,1,0
BRDA:110,25,0,0
BRDA:110,25,1,4
BRDA:112,26,0,4
BRDA:112,26,1,0
BRDA:113,27,0,0
BRDA:113,27,1,4
BRDA:116,28,0,0
BRDA:116,28,1,0
BRDA:116,29,0,0
BRDA:116,29,1,0
BRDA:122,30,0,4
BRDA:122,30,1,0
BRDA:122,31,0,4
BRDA:122,31,1,4
BRF:70
BRH:11
end_of_record
TN:
SF:src/bundle/native/utils/theme-functions/get-style-for-ghost-props.native.ts
FN:6,(anonymous_0)
FNF:1
FNH:0
FNDA:0,(anonymous_0)
DA:6,7
DA:13,0
LF:2
LH:1
BRDA:10,0,0,0
BRDA:11,1,0,0
BRDA:13,2,0,0
BRDA:13,2,1,0
BRDA:13,3,0,0
BRDA:13,3,1,0
BRDA:15,4,0,0
BRDA:15,4,1,0
BRDA:15,5,0,0
BRDA:15,5,1,0
BRDA:17,6,0,0
BRDA:17,6,1,0
BRDA:19,7,0,0
BRDA:19,7,1,0
BRF:14
BRH:0
end_of_record
TN:
SF:src/bundle/native/utils/theme-functions/get-style-for-img-props.native.ts
FN:7,(anonymous_0)
FNF:1
FNH:1
FNDA:1,(anonymous_0)
DA:7,7
DA:23,1
DA:50,1
DA:88,1
LF:4
LH:4
BRDA:23,0,0,0
BRDA:23,0,1,1
BRDA:23,1,0,1
BRDA:23,1,1,1
BRDA:23,1,2,0
BRDA:23,1,3,0
BRDA:29,2,0,0
BRDA:29,2,1,0
BRDA:33,3,0,0
BRDA:33,3,1,1
BRDA:37,4,0,1
BRDA:37,4,1,0
BRDA:41,5,0,1
BRDA:41,5,1,0
BRDA:45,6,0,0
BRDA:45,6,1,1
BRDA:52,7,0,1
BRDA:52,7,1,0
BRDA:62,8,0,1
BRDA:62,8,1,0
BRDA:71,9,0,1
BRDA:71,9,1,0
BRDA:76,10,0,1
BRDA:76,10,1,0
BRDA:78,11,0,1
BRDA:78,11,1,0
BRDA:79,12,0,1
BRDA:79,12,1,0
BRDA:80,13,0,1
BRDA:80,13,1,0
BRDA:81,14,0,1
BRDA:81,14,1,0
BRF:32
BRH:15
end_of_record
TN:
SF:src/bundle/native/utils/theme-functions/get-style-for-text-props.native.ts
FN:13,(anonymous_0)
FN:31,(anonymous_1)
FNF:2
FNH:1
FNDA:2,(anonymous_0)
FNDA:0,(anonymous_1)
DA:1,7
DA:6,7
DA:8,7
DA:10,7
DA:13,7
DA:22,2
DA:23,2
DA:25,2
DA:26,2
DA:27,2
DA:28,2
DA:29,2
DA:31,2
DA:32,0
DA:33,0
DA:35,0
DA:36,0
DA:38,0
DA:43,0
DA:48,0
DA:50,0
DA:51,0
DA:53,0
DA:56,2
DA:66,2
DA:77,2
DA:86,2
DA:90,2
DA:149,2
DA:150,0
DA:152,2
DA:155,2
DA:156,2
DA:158,2
LF:34
LH:23
BRDA:25,0,0,2
BRDA:25,0,1,0
BRDA:25,1,0,2
BRDA:25,1,1,2
BRDA:25,2,0,0
BRDA:25,2,1,2
BRDA:25,3,0,2
BRDA:25,3,1,2
BRDA:26,4,0,2
BRDA:26,4,1,0
BRDA:26,5,0,2
BRDA:26,5,1,2
BRDA:26,6,0,0
BRDA:26,6,1,2
BRDA:26,7,0,2
BRDA:26,7,1,2
BRDA:27,8,0,2
BRDA:27,8,1,0
BRDA:27,9,0,2
BRDA:27,9,1,2
BRDA:27,10,0,0
BRDA:27,10,1,2
BRDA:27,11,0,2
BRDA:27,11,1,2
BRDA:28,12,0,2
BRDA:28,12,1,0
BRDA:28,13,0,2
BRDA:28,13,1,2
BRDA:28,14,0,0
BRDA:28,14,1,2
BRDA:28,15,0,2
BRDA:28,15,1,2
BRDA:29,16,0,2
BRDA:29,16,1,0
BRDA:29,17,0,2
BRDA:29,17,1,2
BRDA:29,18,0,0
BRDA:29,18,1,2
BRDA:29,19,0,2
BRDA:29,19,1,2
BRDA:32,20,0,0
BRDA:35,21,0,0
BRDA:38,22,0,0
BRDA:39,23,0,0
BRDA:39,23,1,0
BRDA:39,23,2,0
BRDA:50,24,0,0
BRDA:57,25,0,1
BRDA:57,25,1,1
BRDA:57,26,0,2
BRDA:57,26,1,2
BRDA:59,27,0,1
BRDA:59,27,1,0
BRDA:59,28,0,1
BRDA:59,28,1,1
BRDA:67,29,0,1
BRDA:67,29,1,1
BRDA:67,30,0,2
BRDA:67,30,1,2
BRDA:69,31,0,1
BRDA:69,31,1,0
BRDA:69,32,0,1
BRDA:69,32,1,1
BRDA:77,33,0,2
BRDA:77,33,1,0
BRDA:77,34,0,2
BRDA:77,34,1,2
BRDA:77,34,2,2
BRDA:77,34,3,2
BRDA:82,35,0,0
BRDA:82,35,1,0
BRDA:86,36,0,0
BRDA:86,36,1,2
BRDA:94,37,0,0
BRDA:94,37,1,2
BRDA:94,38,0,2
BRDA:94,38,1,0
BRDA:97,39,0,2
BRDA:97,39,1,0
BRDA:97,40,0,2
BRDA:97,40,1,2
BRDA:100,41,0,0
BRDA:100,41,1,2
BRDA:101,42,0,0
BRDA:101,42,1,2
BRDA:102,43,0,0
BRDA:102,43,1,2
BRDA:105,44,0,0
BRDA:105,44,1,2
BRDA:108,45,0,0
BRDA:108,45,1,2
BRDA:109,46,0,0
BRDA:109,46,1,2
BRDA:112,47,0,0
BRDA:112,47,1,2
BRDA:114,48,0,2
BRDA:114,48,1,0
BRDA:117,49,0,0
BRDA:117,49,1,2
BRDA:118,50,0,0
BRDA:118,50,1,2
BRDA:119,51,0,0
BRDA:119,51,1,2
BRDA:122,52,0,0
BRDA:122,52,1,2
BRDA:125,53,0,0
BRDA:125,53,1,2
BRDA:126,54,0,0
BRDA:126,54,1,2
BRDA:129,55,0,0
BRDA:129,55,1,2
BRDA:132,56,0,0
BRDA:132,56,1,2
BRDA:136,57,0,0
BRDA:136,57,1,2
BRDA:136,58,0,2
BRDA:136,58,1,2
BRDA:138,59,0,0
BRDA:138,59,1,0
BRDA:139,60,0,0
BRDA:139,60,1,0
BRDA:141,61,0,0
BRDA:141,61,1,2
BRDA:144,62,0,0
BRDA:144,62,1,2
BRDA:149,63,0,0
BRDA:149,63,1,2
BRDA:149,64,0,2
BRDA:149,64,1,2
BRF:129
BRH:79
end_of_record
TN:
SF:src/bundle/native/utils/theme-functions/get-style-from-button-props.native.ts
FN:5,(anonymous_0)
FNF:1
FNH:1
FNDA:1,(anonymous_0)
DA:5,7
DA:26,1
DA:28,1
DA:29,1
DA:37,1
DA:38,1
DA:40,1
DA:41,1
DA:43,1
DA:44,1
DA:46,1
DA:47,1
DA:49,1
DA:50,1
DA:52,1
DA:53,1
DA:55,1
DA:56,1
DA:58,1
DA:59,1
DA:61,1
DA:62,1
DA:64,1
DA:65,1
DA:67,1
DA:68,1
DA:70,1
DA:71,0
DA:73,1
DA:74,1
DA:76,1
DA:77,0
DA:79,1
DA:80,1
DA:82,1
DA:83,1
DA:85,1
DA:86,1
DA:91,1
LF:39
LH:37
BRDA:28,0,0,1
BRDA:37,1,0,1
BRDA:40,2,0,1
BRDA:43,3,0,1
BRDA:46,4,0,1
BRDA:49,5,0,1
BRDA:52,6,0,1
BRDA:55,7,0,1
BRDA:58,8,0,1
BRDA:61,9,0,1
BRDA:64,10,0,1
BRDA:67,11,0,1
BRDA:70,12,0,0
BRDA:73,13,0,1
BRDA:76,14,0,0
BRDA:79,15,0,1
BRDA:82,16,0,1
BRDA:85,17,0,1
BRF:18
BRH:16
end_of_record
TN:
SF:src/bundle/native/utils/theme-functions/get-style-from-props.native.ts
FN:4,(anonymous_0)
FNF:1
FNH:1
FNDA:1,(anonymous_0)
DA:4,7
DA:25,1
DA:26,1
DA:28,1
DA:56,1
LF:5
LH:5
BRDA:29,0,0,1
BRDA:29,0,1,0
BRDA:33,1,0,1
BRDA:33,1,1,0
BRDA:34,2,0,1
BRDA:34,2,1,0
BRDA:35,3,0,1
BRDA:35,3,1,0
BRDA:36,4,0,1
BRDA:36,4,1,0
BRDA:37,5,0,1
BRDA:37,5,1,0
BRDA:38,6,0,1
BRDA:38,6,1,0
BRDA:39,7,0,1
BRDA:39,7,1,0
BRDA:40,8,0,1
BRDA:40,8,1,0
BRDA:41,9,0,1
BRDA:41,9,1,0
BRDA:42,10,0,1
BRDA:42,10,1,0
BRDA:43,11,0,1
BRDA:43,11,1,0
BRDA:44,12,0,1
BRDA:44,12,1,0
BRDA:45,13,0,1
BRDA:45,13,1,0
BRDA:46,14,0,1
BRDA:46,14,1,0
BRDA:48,15,0,1
BRDA:48,15,1,0
BRDA:52,16,0,1
BRDA:52,16,1,0
BRDA:53,17,0,1
BRDA:53,17,1,0
BRF:36
BRH:18
end_of_record
TN:
SF:src/bundle/native/utils/theme-functions/handle-color-from-theme.native.ts
FN:24,(anonymous_0)
FNF:1
FNH:1
FNDA:11,(anonymous_0)
DA:5,7
DA:9,7
DA:13,7
DA:24,7
DA:29,11
DA:33,11
DA:34,10
DA:35,9
DA:36,3
DA:41,6
DA:44,1
DA:47,1
LF:12
LH:12
BRDA:26,0,0,0
BRDA:33,1,0,10
BRDA:33,1,1,1
BRDA:34,2,0,9
BRDA:34,2,1,1
BRDA:35,3,0,3
BRDA:35,3,1,6
BRF:7
BRH:6
end_of_record
TN:
SF:src/bundle/native/utils/theme-functions/handle-font-for-theme.native.ts
FN:11,(anonymous_0)
FNF:1
FNH:1
FNDA:6,(anonymous_0)
DA:1,7
DA:2,7
DA:7,7
DA:11,7
DA:16,6
DA:17,6
DA:18,6
DA:19,6
DA:28,1
DA:29,1
DA:30,1
DA:32,5
DA:38,4
DA:39,4
DA:41,1
DA:42,0
DA:44,1
DA:47,6
LF:18
LH:17
BRDA:13,0,0,0
BRDA:16,1,0,6
BRDA:16,1,1,0
BRDA:16,2,0,6
BRDA:16,2,1,6
BRDA:17,3,0,5
BRDA:17,3,1,1
BRDA:19,4,0,1
BRDA:19,4,1,5
BRDA:20,5,0,6
BRDA:20,5,1,6
BRDA:20,5,2,5
BRDA:20,5,3,5
BRDA:20,5,4,5
BRDA:20,5,5,1
BRDA:20,5,6,1
BRDA:28,6,0,1
BRDA:32,7,0,4
BRDA:32,7,1,1
BRDA:33,8,0,5
BRDA:33,8,1,5
BRDA:33,8,2,4
BRDA:33,8,3,4
BRDA:38,9,0,4
BRDA:41,10,0,0
BRDA:41,10,1,1
BRDA:41,11,0,1
BRDA:41,11,1,1
BRF:28
BRH:25
end_of_record
TN:
SF:src/bundle/native/utils/theme-functions/handle-font-size-props.native.ts
FN:15,(anonymous_0)
FN:22,(anonymous_1)
FN:56,(anonymous_2)
FNF:3
FNH:3
FNDA:4,(anonymous_0)
FNDA:4,(anonymous_1)
FNDA:4,(anonymous_2)
DA:7,7
DA:8,7
DA:9,7
DA:13,7
DA:15,7
DA:22,4
DA:27,4
DA:28,4
DA:29,4
DA:32,0
DA:33,0
DA:36,4
DA:37,4
DA:39,0
DA:44,4
DA:47,4
DA:52,4
DA:56,7
DA:62,4
DA:63,4
DA:64,4
DA:65,4
DA:69,4
DA:72,4
DA:73,4
DA:78,4
DA:79,0
DA:81,4
DA:82,0
DA:86,4
DA:91,4
DA:99,4
LF:32
LH:27
BRDA:28,0,0,4
BRDA:28,0,1,0
BRDA:29,1,0,4
BRDA:29,1,1,0
BRDA:32,2,0,0
BRDA:36,3,0,4
BRDA:36,3,1,0
BRDA:47,4,0,4
BRDA:47,4,1,0
BRDA:62,5,0,0
BRDA:63,6,0,4
BRDA:64,7,0,4
BRDA:66,8,0,0
BRDA:66,8,1,4
BRDA:66,9,0,4
BRDA:66,9,1,0
BRDA:69,10,0,4
BRDA:73,11,0,4
BRDA:73,11,1,0
BRDA:78,12,0,0
BRDA:81,13,0,0
BRDA:81,14,0,4
BRDA:81,14,1,4
BRDA:86,15,0,4
BRDA:86,15,1,0
BRDA:93,16,0,4
BRDA:93,16,1,0
BRF:27
BRH:14
end_of_record
TN:
SF:src/bundle/shared/defaults/fonts.defaults.tsx
FNF:0
FNH:0
DA:3,7
LF:1
LH:1
BRF:0
BRH:0
end_of_record
TN:
SF:src/bundle/shared/defaults/light-colors.defaults.tsx
FNF:0
FNH:0
DA:12,7
DA:14,7
DA:80,7
DA:97,7
DA:109,7
DA:122,7
DA:132,7
DA:150,7
LF:8
LH:8
BRF:0
BRH:0
end_of_record
TN:
SF:src/bundle/shared/types/font-size-handler.type.ts
FN:1,(anonymous_0)
FNF:1
FNH:1
FNDA:7,(anonymous_0)
DA:1,7
DA:2,7
DA:3,7
LF:3
LH:3
BRDA:1,0,0,7
BRDA:1,0,1,7
BRF:2
BRH:2
end_of_record
TN:
SF:src/bundle/shared/types/font-type.enum.ts
FN:1,(anonymous_0)
FNF:1
FNH:1
FNDA:7,(anonymous_0)
DA:1,7
DA:2,7
DA:3,7
DA:4,7
DA:5,7
LF:5
LH:5
BRDA:1,0,0,7
BRDA:1,0,1,7
BRF:2
BRH:2
end_of_record
TN:
SF:src/bundle/shared/types/unit-props.types.ts
FN:1,(anonymous_0)
FN:5,(anonymous_1)
FNF:2
FNH:2
FNDA:7,(anonymous_0)
FNDA:7,(anonymous_1)
DA:1,7
DA:2,7
DA:5,7
DA:6,7
DA:7,7
DA:8,7
DA:9,7
DA:10,7
DA:11,7
DA:12,7
DA:13,7
LF:11
LH:11
BRDA:1,0,0,7
BRDA:1,0,1,7
BRDA:5,1,0,7
BRDA:5,1,1,7
BRF:4
BRH:4
end_of_record
TN:
SF:src/bundle/shared/utils/adjust-color.ts
FN:15,(anonymous_0)
FN:18,(anonymous_1)
FN:24,(anonymous_2)
FN:35,(anonymous_3)
FNF:4
FNH:2
FNDA:0,(anonymous_0)
FNDA:0,(anonymous_1)
FNDA:140,(anonymous_2)
FNDA:140,(anonymous_3)
DA:2,7
DA:13,7
DA:15,7
DA:16,0
DA:18,7
DA:19,0
DA:20,0
DA:24,7
DA:25,140
DA:27,140
DA:28,140
DA:29,140
DA:31,0
DA:35,7
DA:41,140
DA:43,140
DA:44,0
DA:45,0
DA:48,140
DA:49,140
DA:50,140
DA:52,140
DA:53,70
DA:54,70
DA:55,70
DA:58,140
DA:60,140
DA:61,126
DA:64,126
DA:66,14
DA:68,14
DA:69,14
DA:71,0
DA:75,0
DA:78,0
DA:81,0
DA:84,0
LF:37
LH:26
BRDA:16,0,0,0
BRDA:16,0,1,0
BRDA:19,1,0,0
BRDA:25,2,0,0
BRDA:39,3,0,14
BRDA:41,4,0,0
BRDA:43,5,0,0
BRDA:43,6,0,140
BRDA:43,6,1,140
BRDA:48,7,0,140
BRDA:48,7,1,0
BRDA:52,8,0,70
BRDA:52,8,1,70
BRDA:54,9,0,70
BRDA:60,10,0,126
BRDA:60,10,1,14
BRDA:68,11,0,14
BRDA:68,11,1,0
BRF:18
BRH:10
end_of_record
TN:
SF:src/bundle/shared/utils/cap-font-size.ts
FN:5,(anonymous_0)
FNF:1
FNH:1
FNDA:6,(anonymous_0)
DA:5,7
DA:11,6
DA:14,6
DA:15,0
DA:21,6
LF:5
LH:4
BRDA:11,0,0,0
BRDA:11,0,1,6
BRDA:14,1,0,0
BRF:3
BRH:1
end_of_record
TN:
SF:src/bundle/shared/utils/extract-values-from-colors-interface.ts
FN:3,extractKeysAndValuesFromColorsInterface
FNF:1
FNH:1
FNDA:14,extractKeysAndValuesFromColorsInterface
DA:3,7
DA:6,14
DA:7,14
DA:9,14
LF:4
LH:4
BRF:0
BRH:0
end_of_record
TN:
SF:src/bundle/shared/utils/handle-box-shadows.ts
FN:3,(anonymous_0)
FNF:1
FNH:0
FNDA:0,(anonymous_0)
DA:3,7
DA:4,0
LF:2
LH:1
BRF:0
BRH:0
end_of_record
TN:
SF:src/bundle/shared/utils/handle-unit-props.ts
FN:3,(anonymous_0)
FNF:1
FNH:1
FNDA:38,(anonymous_0)
DA:1,7
DA:3,7
DA:7,38
DA:8,38
DA:10,38
DA:11,0
DA:14,38
DA:20,2
DA:24,38
DA:28,38
DA:29,36
DA:30,0
DA:32,36
DA:36,38
LF:14
LH:12
BRDA:7,0,0,38
BRDA:10,1,0,0
BRDA:10,2,0,38
BRDA:10,2,1,36
BRDA:14,3,0,2
BRDA:15,4,0,38
BRDA:15,4,1,36
BRDA:15,4,2,36
BRDA:15,4,3,36
BRDA:24,5,0,0
BRDA:24,5,1,38
BRDA:24,6,0,38
BRDA:24,6,1,38
BRDA:28,7,0,36
BRDA:28,8,0,38
BRDA:28,8,1,38
BRDA:29,9,0,0
BRDA:29,9,1,36
BRF:18
BRH:15
end_of_record
TN:
SF:src/bundle/shared/utils/is-color-name-or-value.ts
FN:9,(anonymous_0)
FN:26,(anonymous_1)
FNF:2
FNH:2
FNDA:7,(anonymous_0)
FNDA:14,(anonymous_1)
DA:3,7
DA:9,7
DA:10,7
DA:11,7
DA:26,7
DA:30,14
DA:32,14
DA:33,10
DA:36,4
DA:37,2
DA:40,2
LF:11
LH:11
BRDA:9,0,0,7
BRDA:9,0,1,7
BRDA:32,1,0,10
BRDA:36,2,0,2
BRF:4
BRH:4
end_of_record
TN:
SF:src/bundle/shared/utils/is-valid-hex.ts
FN:1,isValidHex
FNF:1
FNH:1
FNDA:14,isValidHex
DA:1,7
DA:2,14
DA:3,13
DA:4,8
DA:7,5
DA:9,5
DA:11,0
DA:13,5
DA:15,0
DA:17,0
DA:21,7
LF:11
LH:8
BRDA:2,0,0,1
BRDA:2,1,0,14
BRDA:2,1,1,13
BRDA:3,2,0,8
BRDA:7,3,0,5
BRDA:9,4,0,0
BRDA:9,4,1,5
BRDA:9,4,2,0
BRDA:9,4,3,0
BRF:9
BRH:6
end_of_record
